

Processing ApplicationController#index (for 127.0.0.1 at 2010-02-21 18:54:08) [GET]

ActionController::RoutingError (No route matches "/" with {:method=>:get}):
  /System/Library/Frameworks/Ruby.framework/Versions/1.8/usr/lib/ruby/1.8/webrick/httpserver.rb:104:in `service'
  /System/Library/Frameworks/Ruby.framework/Versions/1.8/usr/lib/ruby/1.8/webrick/httpserver.rb:65:in `run'
  /System/Library/Frameworks/Ruby.framework/Versions/1.8/usr/lib/ruby/1.8/webrick/server.rb:173:in `start_thread'
  /System/Library/Frameworks/Ruby.framework/Versions/1.8/usr/lib/ruby/1.8/webrick/server.rb:162:in `start'
  /System/Library/Frameworks/Ruby.framework/Versions/1.8/usr/lib/ruby/1.8/webrick/server.rb:162:in `start_thread'
  /System/Library/Frameworks/Ruby.framework/Versions/1.8/usr/lib/ruby/1.8/webrick/server.rb:95:in `start'
  /System/Library/Frameworks/Ruby.framework/Versions/1.8/usr/lib/ruby/1.8/webrick/server.rb:92:in `each'
  /System/Library/Frameworks/Ruby.framework/Versions/1.8/usr/lib/ruby/1.8/webrick/server.rb:92:in `start'
  /System/Library/Frameworks/Ruby.framework/Versions/1.8/usr/lib/ruby/1.8/webrick/server.rb:23:in `start'
  /System/Library/Frameworks/Ruby.framework/Versions/1.8/usr/lib/ruby/1.8/webrick/server.rb:82:in `start'

Rendering rescues/layout (not_found)


Processing PostsController#index (for 127.0.0.1 at 2010-02-21 18:54:25) [GET]
  [4;36;1mPost Load (0.0ms)[0m   [0;1mSQLite3::SQLException: no such table: posts: SELECT * FROM "posts" [0m

ActiveRecord::StatementInvalid (SQLite3::SQLException: no such table: posts: SELECT * FROM "posts" ):
  app/controllers/posts_controller.rb:5:in `index'
  /System/Library/Frameworks/Ruby.framework/Versions/1.8/usr/lib/ruby/1.8/webrick/httpserver.rb:104:in `service'
  /System/Library/Frameworks/Ruby.framework/Versions/1.8/usr/lib/ruby/1.8/webrick/httpserver.rb:65:in `run'
  /System/Library/Frameworks/Ruby.framework/Versions/1.8/usr/lib/ruby/1.8/webrick/server.rb:173:in `start_thread'
  /System/Library/Frameworks/Ruby.framework/Versions/1.8/usr/lib/ruby/1.8/webrick/server.rb:162:in `start'
  /System/Library/Frameworks/Ruby.framework/Versions/1.8/usr/lib/ruby/1.8/webrick/server.rb:162:in `start_thread'
  /System/Library/Frameworks/Ruby.framework/Versions/1.8/usr/lib/ruby/1.8/webrick/server.rb:95:in `start'
  /System/Library/Frameworks/Ruby.framework/Versions/1.8/usr/lib/ruby/1.8/webrick/server.rb:92:in `each'
  /System/Library/Frameworks/Ruby.framework/Versions/1.8/usr/lib/ruby/1.8/webrick/server.rb:92:in `start'
  /System/Library/Frameworks/Ruby.framework/Versions/1.8/usr/lib/ruby/1.8/webrick/server.rb:23:in `start'
  /System/Library/Frameworks/Ruby.framework/Versions/1.8/usr/lib/ruby/1.8/webrick/server.rb:82:in `start'

Rendered rescues/_trace (37.4ms)
Rendered rescues/_request_and_response (1.1ms)
Rendering rescues/layout (internal_server_error)
  [4;36;1mSQL (0.2ms)[0m   [0;1m SELECT name
 FROM sqlite_master
 WHERE type = 'table' AND NOT name = 'sqlite_sequence'
[0m
  [4;35;1mSQL (0.1ms)[0m   [0mselect sqlite_version(*)[0m
  [4;36;1mSQL (7.0ms)[0m   [0;1mCREATE TABLE "schema_migrations" ("version" varchar(255) NOT NULL) [0m
  [4;35;1mSQL (3.4ms)[0m   [0mCREATE UNIQUE INDEX "unique_schema_migrations" ON "schema_migrations" ("version")[0m
  [4;36;1mSQL (0.2ms)[0m   [0;1m SELECT name
 FROM sqlite_master
 WHERE type = 'table' AND NOT name = 'sqlite_sequence'
[0m
  [4;35;1mSQL (0.2ms)[0m   [0mSELECT version FROM schema_migrations[0m
Migrating to CreatePosts (20100221144843)
  [4;36;1mSQL (0.4ms)[0m   [0;1mCREATE TABLE "posts" ("id" INTEGER PRIMARY KEY AUTOINCREMENT NOT NULL, "title" varchar(255), "content" text, "published_at" datetime, "password" varchar(255), "created_at" datetime, "updated_at" datetime) [0m
  [4;35;1mSQL (0.1ms)[0m   [0mINSERT INTO schema_migrations (version) VALUES ('20100221144843')[0m
  [4;36;1mSQL (0.3ms)[0m   [0;1m SELECT name
 FROM sqlite_master
 WHERE type = 'table' AND NOT name = 'sqlite_sequence'
[0m
  [4;35;1mSQL (0.1ms)[0m   [0mSELECT version FROM schema_migrations[0m
  [4;36;1mSQL (0.1ms)[0m   [0;1m SELECT name
 FROM sqlite_master
 WHERE type = 'table' AND NOT name = 'sqlite_sequence'
[0m
  [4;35;1mSQL (0.0ms)[0m   [0mPRAGMA index_list("posts")[0m


Processing PostsController#index (for 127.0.0.1 at 2010-02-21 18:54:44) [GET]
  [4;35;1mPost Load (0.3ms)[0m   [0mSELECT * FROM "posts" [0m
Rendering template within layouts/posts
Rendering posts/index
Completed in 77ms (View: 73, DB: 0) | 200 OK [http://localhost/]


Processing PostsController#index (for 127.0.0.1 at 2010-02-21 18:55:06) [GET]
  [4;36;1mPost Load (0.3ms)[0m   [0;1mSELECT * FROM "posts" [0m
Rendering template within layouts/posts
Rendering posts/index
Completed in 6ms (View: 2, DB: 0) | 200 OK [http://localhost/]


Processing PostsController#index (for 127.0.0.1 at 2010-02-21 18:55:55) [GET]
  [4;35;1mPost Load (0.3ms)[0m   [0mSELECT * FROM "posts" [0m
Rendering template within layouts/posts
Rendering posts/index
Completed in 8ms (View: 4, DB: 0) | 200 OK [http://localhost/]


Processing PostsController#index (for 127.0.0.1 at 2010-02-21 18:58:09) [GET]
  [4;36;1mPost Load (0.3ms)[0m   [0;1mSELECT * FROM "posts" [0m
Rendering template within layouts/posts
Rendering posts/index
Completed in 5ms (View: 2, DB: 0) | 200 OK [http://localhost/]


Processing PostsController#index (for 127.0.0.1 at 2010-02-21 18:58:51) [GET]
  [4;35;1mPost Load (0.3ms)[0m   [0mSELECT * FROM "posts" [0m
Rendering template within layouts/posts
Rendering posts/index
Completed in 5ms (View: 2, DB: 0) | 200 OK [http://localhost/]


Processing PostsController#index (for 127.0.0.1 at 2010-02-21 19:40:46) [GET]
  [4;36;1mPost Load (0.3ms)[0m   [0;1mSELECT * FROM "posts" [0m
Rendering template within layouts/posts
Rendering posts/index
Completed in 5ms (View: 2, DB: 0) | 200 OK [http://localhost/]


Processing PostsController#index (for 127.0.0.1 at 2010-02-21 19:42:09) [GET]
  [4;35;1mPost Load (0.3ms)[0m   [0mSELECT * FROM "posts" [0m
Rendering template within layouts/posts
Rendering posts/index
Completed in 5ms (View: 2, DB: 0) | 200 OK [http://localhost/]


Processing PostsController#index (for 127.0.0.1 at 2010-02-21 19:42:19) [GET]
  [4;36;1mPost Load (0.3ms)[0m   [0;1mSELECT * FROM "posts" [0m
Rendering template within layouts/posts
Rendering posts/index
Completed in 5ms (View: 2, DB: 0) | 200 OK [http://localhost/]


Processing PostsController#index (for 127.0.0.1 at 2010-02-21 19:42:35) [GET]
  [4;35;1mPost Load (0.3ms)[0m   [0mSELECT * FROM "posts" [0m
Rendering template within layouts/posts
Rendering posts/index
Completed in 5ms (View: 2, DB: 0) | 200 OK [http://localhost/]


Processing PostsController#index (for 127.0.0.1 at 2010-02-21 19:50:28) [GET]
  [4;36;1mPost Load (0.3ms)[0m   [0;1mSELECT * FROM "posts" [0m
Rendering template within layouts/posts
Rendering posts/index
Completed in 8ms (View: 5, DB: 0) | 200 OK [http://localhost/]


Processing PostsController#new (for 127.0.0.1 at 2010-02-21 19:50:30) [GET]
Rendering template within layouts/posts
Rendering posts/new
Completed in 204ms (View: 201, DB: 0) | 200 OK [http://localhost/posts/new]


Processing PostsController#new (for 127.0.0.1 at 2010-02-21 19:54:02) [GET]
Rendering template within layouts/posts
Rendering posts/new

ActionView::TemplateError (undefined method `include?' for :form:Symbol) on line #3 of app/views/posts/new.html.erb:
1: <h1>New post</h1>
2: 
3: <%= render :partial => :form, :locals => {:post => @post} %>
4: 
5: <%= link_to 'Back', posts_path %>

    app/views/posts/new.html.erb:3
    app/controllers/posts_controller.rb:29:in `new'
    /System/Library/Frameworks/Ruby.framework/Versions/1.8/usr/lib/ruby/1.8/webrick/httpserver.rb:104:in `service'
    /System/Library/Frameworks/Ruby.framework/Versions/1.8/usr/lib/ruby/1.8/webrick/httpserver.rb:65:in `run'
    /System/Library/Frameworks/Ruby.framework/Versions/1.8/usr/lib/ruby/1.8/webrick/server.rb:173:in `start_thread'
    /System/Library/Frameworks/Ruby.framework/Versions/1.8/usr/lib/ruby/1.8/webrick/server.rb:162:in `start'
    /System/Library/Frameworks/Ruby.framework/Versions/1.8/usr/lib/ruby/1.8/webrick/server.rb:162:in `start_thread'
    /System/Library/Frameworks/Ruby.framework/Versions/1.8/usr/lib/ruby/1.8/webrick/server.rb:95:in `start'
    /System/Library/Frameworks/Ruby.framework/Versions/1.8/usr/lib/ruby/1.8/webrick/server.rb:92:in `each'
    /System/Library/Frameworks/Ruby.framework/Versions/1.8/usr/lib/ruby/1.8/webrick/server.rb:92:in `start'
    /System/Library/Frameworks/Ruby.framework/Versions/1.8/usr/lib/ruby/1.8/webrick/server.rb:23:in `start'
    /System/Library/Frameworks/Ruby.framework/Versions/1.8/usr/lib/ruby/1.8/webrick/server.rb:82:in `start'

Rendered rescues/_trace (39.7ms)
Rendered rescues/_request_and_response (0.3ms)
Rendering rescues/layout (internal_server_error)


Processing PostsController#new (for 127.0.0.1 at 2010-02-21 19:54:25) [GET]
Rendering template within layouts/posts
Rendering posts/new

ActionView::TemplateError (wrong number of arguments (1 for 2)) on line #17 of app/views/posts/_form.html.erb:
14:     <%= f.datetime_select :published_at %>
15:   </p>
16:   <p>
17:     <%= label :password %><br />
18:     <%= text_field :check, :password %>
19:   </p>
20:   <p>

    app/views/posts/_form.html.erb:17:in `label'
    app/views/posts/_form.html.erb:17
    app/views/posts/_form.html.erb:1
    app/views/posts/new.html.erb:3
    app/controllers/posts_controller.rb:29:in `new'
    /System/Library/Frameworks/Ruby.framework/Versions/1.8/usr/lib/ruby/1.8/webrick/httpserver.rb:104:in `service'
    /System/Library/Frameworks/Ruby.framework/Versions/1.8/usr/lib/ruby/1.8/webrick/httpserver.rb:65:in `run'
    /System/Library/Frameworks/Ruby.framework/Versions/1.8/usr/lib/ruby/1.8/webrick/server.rb:173:in `start_thread'
    /System/Library/Frameworks/Ruby.framework/Versions/1.8/usr/lib/ruby/1.8/webrick/server.rb:162:in `start'
    /System/Library/Frameworks/Ruby.framework/Versions/1.8/usr/lib/ruby/1.8/webrick/server.rb:162:in `start_thread'
    /System/Library/Frameworks/Ruby.framework/Versions/1.8/usr/lib/ruby/1.8/webrick/server.rb:95:in `start'
    /System/Library/Frameworks/Ruby.framework/Versions/1.8/usr/lib/ruby/1.8/webrick/server.rb:92:in `each'
    /System/Library/Frameworks/Ruby.framework/Versions/1.8/usr/lib/ruby/1.8/webrick/server.rb:92:in `start'
    /System/Library/Frameworks/Ruby.framework/Versions/1.8/usr/lib/ruby/1.8/webrick/server.rb:23:in `start'
    /System/Library/Frameworks/Ruby.framework/Versions/1.8/usr/lib/ruby/1.8/webrick/server.rb:82:in `start'

Rendered rescues/_trace (116.5ms)
Rendered rescues/_request_and_response (0.2ms)
Rendering rescues/layout (internal_server_error)


Processing PostsController#new (for 127.0.0.1 at 2010-02-21 19:54:44) [GET]
Rendering template within layouts/posts
Rendering posts/new
Rendered posts/_form (12.7ms)
Completed in 21ms (View: 17, DB: 0) | 200 OK [http://localhost/posts/new]


Processing PostsController#new (for 127.0.0.1 at 2010-02-21 19:54:52) [GET]
Rendering template within layouts/posts
Rendering posts/new
Rendered posts/_form (11.7ms)
Completed in 20ms (View: 16, DB: 0) | 200 OK [http://localhost/posts/new]


Processing PostsController#create (for 127.0.0.1 at 2010-02-21 19:59:20) [POST]
  Parameters: {"commit"=>"Submit", "post"=>{"title"=>"Brazil", "published_at(1i)"=>"2010", "published_at(2i)"=>"2", "published_at(3i)"=>"21", "published_at(4i)"=>"18", "content"=>"Pee in the shower.", "published_at(5i)"=>"50"}, "authenticity_token"=>"3lwS+V73zysNx8GPMbzBDm5oaAsV044FkGw44b9uxmY=", "check"=>{"password"=>"kosten"}}
  [4;35;1mPost Create (33.9ms)[0m   [0mINSERT INTO "posts" ("created_at", "title", "updated_at", "content", "published_at", "password") VALUES('2010-02-21 18:59:20', 'Brazil', '2010-02-21 18:59:20', 'Pee in the shower.', '2010-02-21 18:50:00', NULL)[0m
Redirected to http://localhost:3000/posts/1
Completed in 125ms (DB: 34) | 302 Found [http://localhost/posts]


Processing PostsController#show (for 127.0.0.1 at 2010-02-21 19:59:20) [GET]
  Parameters: {"id"=>"1"}
  [4;36;1mPost Load (0.2ms)[0m   [0;1mSELECT * FROM "posts" WHERE ("posts"."id" = 1) [0m
Rendering template within layouts/posts
Rendering posts/show
Completed in 22ms (View: 17, DB: 0) | 200 OK [http://localhost/posts/1]


Processing PostsController#index (for 127.0.0.1 at 2010-02-21 19:59:23) [GET]
  [4;35;1mPost Load (0.7ms)[0m   [0mSELECT * FROM "posts" [0m
Rendering template within layouts/posts
Rendering posts/index
Completed in 7ms (View: 3, DB: 1) | 200 OK [http://localhost/posts]


Processing PostsController#index (for 127.0.0.1 at 2010-02-21 20:03:08) [GET]
  [4;36;1mPost Load (0.4ms)[0m   [0;1mSELECT * FROM "posts" [0m
Rendering template within layouts/posts
Rendering posts/index
Completed in 10ms (View: 6, DB: 0) | 200 OK [http://localhost/posts]


Processing PostsController#index (for 127.0.0.1 at 2010-02-21 20:04:07) [GET]
  [4;35;1mPost Load (0.4ms)[0m   [0mSELECT * FROM "posts" [0m
Rendering template within layouts/posts
Rendering posts/index
Completed in 12ms (View: 9, DB: 0) | 200 OK [http://localhost/posts]


Processing PostsController#index (for 127.0.0.1 at 2010-02-21 20:04:20) [GET]
  [4;36;1mPost Load (0.4ms)[0m   [0;1mSELECT * FROM "posts" [0m
Rendering template within layouts/posts
Rendering posts/index
Completed in 12ms (View: 7, DB: 0) | 200 OK [http://localhost/posts]


Processing PostsController#index (for 127.0.0.1 at 2010-02-21 20:04:41) [GET]
  [4;35;1mPost Load (0.5ms)[0m   [0mSELECT * FROM "posts" [0m
Rendering template within layouts/posts
Rendering posts/index
Completed in 73ms (View: 7, DB: 0) | 200 OK [http://localhost/posts]


Processing PostsController#index (for 127.0.0.1 at 2010-02-21 20:04:52) [GET]
  [4;36;1mPost Load (0.4ms)[0m   [0;1mSELECT * FROM "posts" [0m
Rendering template within layouts/posts
Rendering posts/index
Completed in 10ms (View: 7, DB: 0) | 200 OK [http://localhost/posts]


Processing PostsController#index (for 127.0.0.1 at 2010-02-21 20:07:27) [GET]
  [4;35;1mPost Load (0.4ms)[0m   [0mSELECT * FROM "posts" [0m
Rendering template within layouts/posts
Rendering posts/index
Completed in 10ms (View: 6, DB: 0) | 200 OK [http://localhost/posts]


Processing PostsController#new (for 127.0.0.1 at 2010-02-21 20:24:02) [GET]
Rendering template within layouts/posts
Rendering posts/new

ActionView::TemplateError (No expansion found for :ckeditor) on line #1 of app/views/posts/_form.html.erb:
1: <%= javascript_include_tag :ckeditor %>
2: 
3: <% form_for(@post) do |f| %>
4:   <%= f.error_messages %>

    app/views/posts/_form.html.erb:1
    app/views/posts/new.html.erb:3
    app/controllers/posts_controller.rb:29:in `new'
    /System/Library/Frameworks/Ruby.framework/Versions/1.8/usr/lib/ruby/1.8/webrick/httpserver.rb:104:in `service'
    /System/Library/Frameworks/Ruby.framework/Versions/1.8/usr/lib/ruby/1.8/webrick/httpserver.rb:65:in `run'
    /System/Library/Frameworks/Ruby.framework/Versions/1.8/usr/lib/ruby/1.8/webrick/server.rb:173:in `start_thread'
    /System/Library/Frameworks/Ruby.framework/Versions/1.8/usr/lib/ruby/1.8/webrick/server.rb:162:in `start'
    /System/Library/Frameworks/Ruby.framework/Versions/1.8/usr/lib/ruby/1.8/webrick/server.rb:162:in `start_thread'
    /System/Library/Frameworks/Ruby.framework/Versions/1.8/usr/lib/ruby/1.8/webrick/server.rb:95:in `start'
    /System/Library/Frameworks/Ruby.framework/Versions/1.8/usr/lib/ruby/1.8/webrick/server.rb:92:in `each'
    /System/Library/Frameworks/Ruby.framework/Versions/1.8/usr/lib/ruby/1.8/webrick/server.rb:92:in `start'
    /System/Library/Frameworks/Ruby.framework/Versions/1.8/usr/lib/ruby/1.8/webrick/server.rb:23:in `start'
    /System/Library/Frameworks/Ruby.framework/Versions/1.8/usr/lib/ruby/1.8/webrick/server.rb:82:in `start'

Rendered rescues/_trace (114.7ms)
Rendered rescues/_request_and_response (0.2ms)
Rendering rescues/layout (internal_server_error)


Processing PostsController#new (for 127.0.0.1 at 2010-02-21 20:24:22) [GET]
Rendering template within layouts/posts
Rendering posts/new
Rendered posts/_form (58.7ms)
Completed in 131ms (View: 72, DB: 0) | 200 OK [http://localhost/posts/new]


Processing PostsController#new (for 127.0.0.1 at 2010-02-21 20:24:32) [GET]
Rendering template within layouts/posts
Rendering posts/new
Rendered posts/_form (13.2ms)
Completed in 21ms (View: 17, DB: 0) | 200 OK [http://localhost/posts/new]


Processing CkeditorController#images (for 127.0.0.1 at 2010-02-21 20:24:49) [GET]
  Parameters: {"CKEditorFuncNum"=>"2", "langCode"=>"en", "CKEditor"=>"post_content_editor"}

NameError (uninitialized constant CkeditorController::Picture):
  vendor/plugins/rails-ckeditor/app/controllers/ckeditor_controller.rb:8:in `images'
  /System/Library/Frameworks/Ruby.framework/Versions/1.8/usr/lib/ruby/1.8/webrick/httpserver.rb:104:in `service'
  /System/Library/Frameworks/Ruby.framework/Versions/1.8/usr/lib/ruby/1.8/webrick/httpserver.rb:65:in `run'
  /System/Library/Frameworks/Ruby.framework/Versions/1.8/usr/lib/ruby/1.8/webrick/server.rb:173:in `start_thread'
  /System/Library/Frameworks/Ruby.framework/Versions/1.8/usr/lib/ruby/1.8/webrick/server.rb:162:in `start'
  /System/Library/Frameworks/Ruby.framework/Versions/1.8/usr/lib/ruby/1.8/webrick/server.rb:162:in `start_thread'
  /System/Library/Frameworks/Ruby.framework/Versions/1.8/usr/lib/ruby/1.8/webrick/server.rb:95:in `start'
  /System/Library/Frameworks/Ruby.framework/Versions/1.8/usr/lib/ruby/1.8/webrick/server.rb:92:in `each'
  /System/Library/Frameworks/Ruby.framework/Versions/1.8/usr/lib/ruby/1.8/webrick/server.rb:92:in `start'
  /System/Library/Frameworks/Ruby.framework/Versions/1.8/usr/lib/ruby/1.8/webrick/server.rb:23:in `start'
  /System/Library/Frameworks/Ruby.framework/Versions/1.8/usr/lib/ruby/1.8/webrick/server.rb:82:in `start'

Rendered rescues/_trace (123.0ms)
Rendered rescues/_request_and_response (1.1ms)
Rendering rescues/layout (internal_server_error)


Processing PostsController#new (for 127.0.0.1 at 2010-02-21 20:26:28) [GET]
Rendering template within layouts/posts
Rendering posts/new
Rendered posts/_form (12.6ms)
Completed in 21ms (View: 17, DB: 0) | 200 OK [http://localhost/posts/new]


Processing PostsController#create (for 127.0.0.1 at 2010-02-21 20:29:00) [POST]
  Parameters: {"commit"=>"Submit", "post"=>{"title"=>"lafeber@gmail.com", "published_at(1i)"=>"2010", "published_at(2i)"=>"2", "published_at(3i)"=>"21", "published_at(4i)"=>"19", "content"=>"<p>\r\n\tsadsadf</p>\r\n", "published_at(5i)"=>"26"}, "authenticity_token"=>"3lwS+V73zysNx8GPMbzBDm5oaAsV044FkGw44b9uxmY=", "check"=>{"password"=>"asdfkosten"}}
Redirected to http://localhost:3000/
  [4;36;1mPost Create (0.5ms)[0m   [0;1mINSERT INTO "posts" ("created_at", "title", "updated_at", "content", "published_at", "password") VALUES('2010-02-21 19:29:00', 'lafeber@gmail.com', '2010-02-21 19:29:00', '<p>
	sadsadf</p>
', '2010-02-21 19:26:00', NULL)[0m

ActionController::DoubleRenderError (Render and/or redirect were called multiple times in this action. Please note that you may only call render OR redirect, and at most once per action. Also note that neither redirect nor render terminate execution of the action, so if you want to exit an action after redirecting, you need to do something like "redirect_to(...) and return".):
  app/controllers/posts_controller.rb:24:in `create'
  /System/Library/Frameworks/Ruby.framework/Versions/1.8/usr/lib/ruby/1.8/webrick/httpserver.rb:104:in `service'
  /System/Library/Frameworks/Ruby.framework/Versions/1.8/usr/lib/ruby/1.8/webrick/httpserver.rb:65:in `run'
  /System/Library/Frameworks/Ruby.framework/Versions/1.8/usr/lib/ruby/1.8/webrick/server.rb:173:in `start_thread'
  /System/Library/Frameworks/Ruby.framework/Versions/1.8/usr/lib/ruby/1.8/webrick/server.rb:162:in `start'
  /System/Library/Frameworks/Ruby.framework/Versions/1.8/usr/lib/ruby/1.8/webrick/server.rb:162:in `start_thread'
  /System/Library/Frameworks/Ruby.framework/Versions/1.8/usr/lib/ruby/1.8/webrick/server.rb:95:in `start'
  /System/Library/Frameworks/Ruby.framework/Versions/1.8/usr/lib/ruby/1.8/webrick/server.rb:92:in `each'
  /System/Library/Frameworks/Ruby.framework/Versions/1.8/usr/lib/ruby/1.8/webrick/server.rb:92:in `start'
  /System/Library/Frameworks/Ruby.framework/Versions/1.8/usr/lib/ruby/1.8/webrick/server.rb:23:in `start'
  /System/Library/Frameworks/Ruby.framework/Versions/1.8/usr/lib/ruby/1.8/webrick/server.rb:82:in `start'

Rendered rescues/_trace (43.9ms)
Rendered rescues/_request_and_response (0.4ms)
Rendering rescues/layout (internal_server_error)


Processing PostsController#create (for 127.0.0.1 at 2010-02-21 20:30:09) [POST]
  Parameters: {"commit"=>"Submit", "post"=>{"title"=>"lafeber@gmail.com", "published_at(1i)"=>"2010", "published_at(2i)"=>"2", "published_at(3i)"=>"21", "published_at(4i)"=>"19", "content"=>"<p>\r\n\tsadsadf</p>\r\n", "published_at(5i)"=>"26"}, "authenticity_token"=>"3lwS+V73zysNx8GPMbzBDm5oaAsV044FkGw44b9uxmY=", "check"=>{"password"=>"asdfkosten"}}
Redirected to http://localhost:3000/
Filter chain halted as [:check_password] rendered_or_redirected.
Completed in 2ms (DB: 0) | 302 Found [http://localhost/posts]


Processing PostsController#index (for 127.0.0.1 at 2010-02-21 20:30:09) [GET]

NoMethodError (You have a nil object when you didn't expect it!
You might have expected an instance of ActiveRecord::Base.
The error occurred while evaluating nil.[]):
  app/controllers/posts_controller.rb:45:in `check_password'
  /System/Library/Frameworks/Ruby.framework/Versions/1.8/usr/lib/ruby/1.8/webrick/httpserver.rb:104:in `service'
  /System/Library/Frameworks/Ruby.framework/Versions/1.8/usr/lib/ruby/1.8/webrick/httpserver.rb:65:in `run'
  /System/Library/Frameworks/Ruby.framework/Versions/1.8/usr/lib/ruby/1.8/webrick/server.rb:173:in `start_thread'
  /System/Library/Frameworks/Ruby.framework/Versions/1.8/usr/lib/ruby/1.8/webrick/server.rb:162:in `start'
  /System/Library/Frameworks/Ruby.framework/Versions/1.8/usr/lib/ruby/1.8/webrick/server.rb:162:in `start_thread'
  /System/Library/Frameworks/Ruby.framework/Versions/1.8/usr/lib/ruby/1.8/webrick/server.rb:95:in `start'
  /System/Library/Frameworks/Ruby.framework/Versions/1.8/usr/lib/ruby/1.8/webrick/server.rb:92:in `each'
  /System/Library/Frameworks/Ruby.framework/Versions/1.8/usr/lib/ruby/1.8/webrick/server.rb:92:in `start'
  /System/Library/Frameworks/Ruby.framework/Versions/1.8/usr/lib/ruby/1.8/webrick/server.rb:23:in `start'
  /System/Library/Frameworks/Ruby.framework/Versions/1.8/usr/lib/ruby/1.8/webrick/server.rb:82:in `start'

Rendered rescues/_trace (91.9ms)
Rendered rescues/_request_and_response (0.2ms)
Rendering rescues/layout (internal_server_error)


Processing PostsController#create (for 127.0.0.1 at 2010-02-21 20:30:35) [POST]
  Parameters: {"commit"=>"Submit", "post"=>{"title"=>"lafeber@gmail.com", "published_at(1i)"=>"2010", "published_at(2i)"=>"2", "published_at(3i)"=>"21", "published_at(4i)"=>"19", "content"=>"<p>\r\n\tsadsadf</p>\r\n", "published_at(5i)"=>"26"}, "authenticity_token"=>"3lwS+V73zysNx8GPMbzBDm5oaAsV044FkGw44b9uxmY=", "check"=>{"password"=>"asdfkosten"}}
passwordasdfkosten
Redirected to http://localhost:3000/
Filter chain halted as [:check_password] rendered_or_redirected.
Completed in 1ms (DB: 0) | 302 Found [http://localhost/posts]


Processing PostsController#index (for 127.0.0.1 at 2010-02-21 20:30:35) [GET]


NoMethodError (You have a nil object when you didn't expect it!
You might have expected an instance of ActiveRecord::Base.
The error occurred while evaluating nil.[]):
  app/controllers/posts_controller.rb:47:in `check_password'
  /System/Library/Frameworks/Ruby.framework/Versions/1.8/usr/lib/ruby/1.8/webrick/httpserver.rb:104:in `service'
  /System/Library/Frameworks/Ruby.framework/Versions/1.8/usr/lib/ruby/1.8/webrick/httpserver.rb:65:in `run'
  /System/Library/Frameworks/Ruby.framework/Versions/1.8/usr/lib/ruby/1.8/webrick/server.rb:173:in `start_thread'
  /System/Library/Frameworks/Ruby.framework/Versions/1.8/usr/lib/ruby/1.8/webrick/server.rb:162:in `start'
  /System/Library/Frameworks/Ruby.framework/Versions/1.8/usr/lib/ruby/1.8/webrick/server.rb:162:in `start_thread'
  /System/Library/Frameworks/Ruby.framework/Versions/1.8/usr/lib/ruby/1.8/webrick/server.rb:95:in `start'
  /System/Library/Frameworks/Ruby.framework/Versions/1.8/usr/lib/ruby/1.8/webrick/server.rb:92:in `each'
  /System/Library/Frameworks/Ruby.framework/Versions/1.8/usr/lib/ruby/1.8/webrick/server.rb:92:in `start'
  /System/Library/Frameworks/Ruby.framework/Versions/1.8/usr/lib/ruby/1.8/webrick/server.rb:23:in `start'
  /System/Library/Frameworks/Ruby.framework/Versions/1.8/usr/lib/ruby/1.8/webrick/server.rb:82:in `start'

Rendered rescues/_trace (30.2ms)
Rendered rescues/_request_and_response (0.2ms)
Rendering rescues/layout (internal_server_error)


Processing PostsController#create (for 127.0.0.1 at 2010-02-21 20:31:03) [POST]
  Parameters: {"commit"=>"Submit", "post"=>{"title"=>"lafeber@gmail.com", "published_at(1i)"=>"2010", "published_at(2i)"=>"2", "published_at(3i)"=>"21", "published_at(4i)"=>"19", "content"=>"<p>\r\n\tsadsadf</p>\r\n", "published_at(5i)"=>"26"}, "authenticity_token"=>"3lwS+V73zysNx8GPMbzBDm5oaAsV044FkGw44b9uxmY=", "check"=>{"password"=>"asdfkosten"}}
{"password"=>"asdfkosten"}
Redirected to http://localhost:3000/
Filter chain halted as [:check_password] rendered_or_redirected.
Completed in 1ms (DB: 0) | 302 Found [http://localhost/posts]


Processing PostsController#index (for 127.0.0.1 at 2010-02-21 20:31:03) [GET]
nil

NoMethodError (You have a nil object when you didn't expect it!
You might have expected an instance of ActiveRecord::Base.
The error occurred while evaluating nil.[]):
  app/controllers/posts_controller.rb:47:in `check_password'
  /System/Library/Frameworks/Ruby.framework/Versions/1.8/usr/lib/ruby/1.8/webrick/httpserver.rb:104:in `service'
  /System/Library/Frameworks/Ruby.framework/Versions/1.8/usr/lib/ruby/1.8/webrick/httpserver.rb:65:in `run'
  /System/Library/Frameworks/Ruby.framework/Versions/1.8/usr/lib/ruby/1.8/webrick/server.rb:173:in `start_thread'
  /System/Library/Frameworks/Ruby.framework/Versions/1.8/usr/lib/ruby/1.8/webrick/server.rb:162:in `start'
  /System/Library/Frameworks/Ruby.framework/Versions/1.8/usr/lib/ruby/1.8/webrick/server.rb:162:in `start_thread'
  /System/Library/Frameworks/Ruby.framework/Versions/1.8/usr/lib/ruby/1.8/webrick/server.rb:95:in `start'
  /System/Library/Frameworks/Ruby.framework/Versions/1.8/usr/lib/ruby/1.8/webrick/server.rb:92:in `each'
  /System/Library/Frameworks/Ruby.framework/Versions/1.8/usr/lib/ruby/1.8/webrick/server.rb:92:in `start'
  /System/Library/Frameworks/Ruby.framework/Versions/1.8/usr/lib/ruby/1.8/webrick/server.rb:23:in `start'
  /System/Library/Frameworks/Ruby.framework/Versions/1.8/usr/lib/ruby/1.8/webrick/server.rb:82:in `start'

Rendered rescues/_trace (96.7ms)
Rendered rescues/_request_and_response (0.3ms)
Rendering rescues/layout (internal_server_error)


Processing PostsController#create (for 127.0.0.1 at 2010-02-21 20:31:40) [POST]
  Parameters: {"commit"=>"Submit", "post"=>{"title"=>"lafeber@gmail.com", "published_at(1i)"=>"2010", "published_at(2i)"=>"2", "published_at(3i)"=>"21", "published_at(4i)"=>"19", "content"=>"<p>\r\n\tsadsadf</p>\r\n", "published_at(5i)"=>"26"}, "authenticity_token"=>"3lwS+V73zysNx8GPMbzBDm5oaAsV044FkGw44b9uxmY=", "check"=>{"password"=>"asdfkosten"}}
{"password"=>"asdfkosten"}
PARAMS{"commit"=>"Submit", "post"=>{"title"=>"lafeber@gmail.com", "published_at(1i)"=>"2010", "published_at(2i)"=>"2", "published_at(3i)"=>"21", "content"=>"<p>\r\n\tsadsadf</p>\r\n", "published_at(4i)"=>"19", "published_at(5i)"=>"26"}, "authenticity_token"=>"3lwS+V73zysNx8GPMbzBDm5oaAsV044FkGw44b9uxmY=", "action"=>"create", "controller"=>"posts", "check"=>{"password"=>"asdfkosten"}}
Redirected to http://localhost:3000/
Filter chain halted as [:check_password] rendered_or_redirected.
Completed in 1ms (DB: 0) | 302 Found [http://localhost/posts]


Processing PostsController#index (for 127.0.0.1 at 2010-02-21 20:31:40) [GET]
nil
PARAMS{"action"=>"index", "controller"=>"posts"}

NoMethodError (You have a nil object when you didn't expect it!
You might have expected an instance of ActiveRecord::Base.
The error occurred while evaluating nil.[]):
  app/controllers/posts_controller.rb:48:in `check_password'
  /System/Library/Frameworks/Ruby.framework/Versions/1.8/usr/lib/ruby/1.8/webrick/httpserver.rb:104:in `service'
  /System/Library/Frameworks/Ruby.framework/Versions/1.8/usr/lib/ruby/1.8/webrick/httpserver.rb:65:in `run'
  /System/Library/Frameworks/Ruby.framework/Versions/1.8/usr/lib/ruby/1.8/webrick/server.rb:173:in `start_thread'
  /System/Library/Frameworks/Ruby.framework/Versions/1.8/usr/lib/ruby/1.8/webrick/server.rb:162:in `start'
  /System/Library/Frameworks/Ruby.framework/Versions/1.8/usr/lib/ruby/1.8/webrick/server.rb:162:in `start_thread'
  /System/Library/Frameworks/Ruby.framework/Versions/1.8/usr/lib/ruby/1.8/webrick/server.rb:95:in `start'
  /System/Library/Frameworks/Ruby.framework/Versions/1.8/usr/lib/ruby/1.8/webrick/server.rb:92:in `each'
  /System/Library/Frameworks/Ruby.framework/Versions/1.8/usr/lib/ruby/1.8/webrick/server.rb:92:in `start'
  /System/Library/Frameworks/Ruby.framework/Versions/1.8/usr/lib/ruby/1.8/webrick/server.rb:23:in `start'
  /System/Library/Frameworks/Ruby.framework/Versions/1.8/usr/lib/ruby/1.8/webrick/server.rb:82:in `start'

Rendered rescues/_trace (27.7ms)
Rendered rescues/_request_and_response (0.2ms)
Rendering rescues/layout (internal_server_error)


Processing PostsController#create (for 127.0.0.1 at 2010-02-21 20:32:26) [POST]
  Parameters: {"commit"=>"Submit", "post"=>{"title"=>"lafeber@gmail.com", "published_at(1i)"=>"2010", "published_at(2i)"=>"2", "published_at(3i)"=>"21", "published_at(4i)"=>"19", "content"=>"<p>\r\n\tsadsadf</p>\r\n", "published_at(5i)"=>"26"}, "authenticity_token"=>"3lwS+V73zysNx8GPMbzBDm5oaAsV044FkGw44b9uxmY=", "check"=>{"password"=>"asdfkosten"}}
{"password"=>"asdfkosten"}
PARAMS{"commit"=>"Submit", "post"=>{"title"=>"lafeber@gmail.com", "published_at(1i)"=>"2010", "published_at(2i)"=>"2", "published_at(3i)"=>"21", "content"=>"<p>\r\n\tsadsadf</p>\r\n", "published_at(4i)"=>"19", "published_at(5i)"=>"26"}, "authenticity_token"=>"3lwS+V73zysNx8GPMbzBDm5oaAsV044FkGw44b9uxmY=", "action"=>"create", "controller"=>"posts", "check"=>{"password"=>"asdfkosten"}}
Redirected to http://localhost:3000/root
Filter chain halted as [:check_password] rendered_or_redirected.
Completed in 1ms (DB: 0) | 302 Found [http://localhost/posts]


Processing ApplicationController#index (for 127.0.0.1 at 2010-02-21 20:32:26) [GET]

ActionController::RoutingError (No route matches "/root" with {:method=>:get}):
  /System/Library/Frameworks/Ruby.framework/Versions/1.8/usr/lib/ruby/1.8/webrick/httpserver.rb:104:in `service'
  /System/Library/Frameworks/Ruby.framework/Versions/1.8/usr/lib/ruby/1.8/webrick/httpserver.rb:65:in `run'
  /System/Library/Frameworks/Ruby.framework/Versions/1.8/usr/lib/ruby/1.8/webrick/server.rb:173:in `start_thread'
  /System/Library/Frameworks/Ruby.framework/Versions/1.8/usr/lib/ruby/1.8/webrick/server.rb:162:in `start'
  /System/Library/Frameworks/Ruby.framework/Versions/1.8/usr/lib/ruby/1.8/webrick/server.rb:162:in `start_thread'
  /System/Library/Frameworks/Ruby.framework/Versions/1.8/usr/lib/ruby/1.8/webrick/server.rb:95:in `start'
  /System/Library/Frameworks/Ruby.framework/Versions/1.8/usr/lib/ruby/1.8/webrick/server.rb:92:in `each'
  /System/Library/Frameworks/Ruby.framework/Versions/1.8/usr/lib/ruby/1.8/webrick/server.rb:92:in `start'
  /System/Library/Frameworks/Ruby.framework/Versions/1.8/usr/lib/ruby/1.8/webrick/server.rb:23:in `start'
  /System/Library/Frameworks/Ruby.framework/Versions/1.8/usr/lib/ruby/1.8/webrick/server.rb:82:in `start'

Rendering rescues/layout (not_found)


Processing PostsController#create (for 127.0.0.1 at 2010-02-21 20:32:52) [POST]
  Parameters: {"commit"=>"Submit", "post"=>{"title"=>"lafeber@gmail.com", "published_at(1i)"=>"2010", "published_at(2i)"=>"2", "published_at(3i)"=>"21", "published_at(4i)"=>"19", "content"=>"<p>\r\n\tsadsadf</p>\r\n", "published_at(5i)"=>"26"}, "authenticity_token"=>"3lwS+V73zysNx8GPMbzBDm5oaAsV044FkGw44b9uxmY=", "check"=>{"password"=>"asdfkosten"}}
{"password"=>"asdfkosten"}
PARAMS{"commit"=>"Submit", "post"=>{"title"=>"lafeber@gmail.com", "published_at(1i)"=>"2010", "published_at(2i)"=>"2", "published_at(3i)"=>"21", "content"=>"<p>\r\n\tsadsadf</p>\r\n", "published_at(4i)"=>"19", "published_at(5i)"=>"26"}, "authenticity_token"=>"3lwS+V73zysNx8GPMbzBDm5oaAsV044FkGw44b9uxmY=", "action"=>"create", "controller"=>"posts", "check"=>{"password"=>"asdfkosten"}}
Redirected to http://localhost:3000/
Filter chain halted as [:check_password] rendered_or_redirected.
Completed in 1ms (DB: 0) | 302 Found [http://localhost/posts]


Processing PostsController#index (for 127.0.0.1 at 2010-02-21 20:32:52) [GET]
nil
PARAMS{"action"=>"index", "controller"=>"posts"}
Redirected to http://localhost:3000/
Filter chain halted as [:check_password] rendered_or_redirected.
Completed in 0ms (DB: 0) | 302 Found [http://localhost/]


Processing PostsController#index (for 127.0.0.1 at 2010-02-21 20:32:52) [GET]
nil
PARAMS{"action"=>"index", "controller"=>"posts"}
Redirected to http://localhost:3000/
Filter chain halted as [:check_password] rendered_or_redirected.
Completed in 0ms (DB: 0) | 302 Found [http://localhost/]


Processing PostsController#index (for 127.0.0.1 at 2010-02-21 20:32:52) [GET]
nil
PARAMS{"action"=>"index", "controller"=>"posts"}
Redirected to http://localhost:3000/
Filter chain halted as [:check_password] rendered_or_redirected.
Completed in 0ms (DB: 0) | 302 Found [http://localhost/]


Processing PostsController#index (for 127.0.0.1 at 2010-02-21 20:32:52) [GET]
nil
PARAMS{"action"=>"index", "controller"=>"posts"}
Redirected to http://localhost:3000/
Filter chain halted as [:check_password] rendered_or_redirected.
Completed in 0ms (DB: 0) | 302 Found [http://localhost/]


Processing PostsController#index (for 127.0.0.1 at 2010-02-21 20:32:52) [GET]
nil
PARAMS{"action"=>"index", "controller"=>"posts"}
Redirected to http://localhost:3000/
Filter chain halted as [:check_password] rendered_or_redirected.
Completed in 0ms (DB: 0) | 302 Found [http://localhost/]


Processing PostsController#index (for 127.0.0.1 at 2010-02-21 20:32:52) [GET]
nil
PARAMS{"action"=>"index", "controller"=>"posts"}
Redirected to http://localhost:3000/
Filter chain halted as [:check_password] rendered_or_redirected.
Completed in 0ms (DB: 0) | 302 Found [http://localhost/]


Processing PostsController#index (for 127.0.0.1 at 2010-02-21 20:32:52) [GET]
nil
PARAMS{"action"=>"index", "controller"=>"posts"}
Redirected to http://localhost:3000/
Filter chain halted as [:check_password] rendered_or_redirected.
Completed in 0ms (DB: 0) | 302 Found [http://localhost/]


Processing PostsController#index (for 127.0.0.1 at 2010-02-21 20:32:52) [GET]
nil
PARAMS{"action"=>"index", "controller"=>"posts"}
Redirected to http://localhost:3000/
Filter chain halted as [:check_password] rendered_or_redirected.
Completed in 0ms (DB: 0) | 302 Found [http://localhost/]


Processing PostsController#index (for 127.0.0.1 at 2010-02-21 20:32:52) [GET]
nil
PARAMS{"action"=>"index", "controller"=>"posts"}
Redirected to http://localhost:3000/
Filter chain halted as [:check_password] rendered_or_redirected.
Completed in 0ms (DB: 0) | 302 Found [http://localhost/]


Processing PostsController#index (for 127.0.0.1 at 2010-02-21 20:32:52) [GET]
nil
PARAMS{"action"=>"index", "controller"=>"posts"}
Redirected to http://localhost:3000/
Filter chain halted as [:check_password] rendered_or_redirected.
Completed in 0ms (DB: 0) | 302 Found [http://localhost/]


Processing PostsController#index (for 127.0.0.1 at 2010-02-21 20:32:52) [GET]
nil
PARAMS{"action"=>"index", "controller"=>"posts"}
Redirected to http://localhost:3000/
Filter chain halted as [:check_password] rendered_or_redirected.
Completed in 0ms (DB: 0) | 302 Found [http://localhost/]


Processing PostsController#index (for 127.0.0.1 at 2010-02-21 20:32:52) [GET]
nil
PARAMS{"action"=>"index", "controller"=>"posts"}
Redirected to http://localhost:3000/
Filter chain halted as [:check_password] rendered_or_redirected.
Completed in 0ms (DB: 0) | 302 Found [http://localhost/]


Processing PostsController#index (for 127.0.0.1 at 2010-02-21 20:32:52) [GET]
nil
PARAMS{"action"=>"index", "controller"=>"posts"}
Redirected to http://localhost:3000/
Filter chain halted as [:check_password] rendered_or_redirected.
Completed in 0ms (DB: 0) | 302 Found [http://localhost/]


Processing PostsController#index (for 127.0.0.1 at 2010-02-21 20:32:52) [GET]
nil
PARAMS{"action"=>"index", "controller"=>"posts"}
Redirected to http://localhost:3000/
Filter chain halted as [:check_password] rendered_or_redirected.
Completed in 0ms (DB: 0) | 302 Found [http://localhost/]


Processing PostsController#index (for 127.0.0.1 at 2010-02-21 20:32:52) [GET]
nil
PARAMS{"action"=>"index", "controller"=>"posts"}
Redirected to http://localhost:3000/
Filter chain halted as [:check_password] rendered_or_redirected.
Completed in 0ms (DB: 0) | 302 Found [http://localhost/]


Processing PostsController#index (for 127.0.0.1 at 2010-02-21 20:32:52) [GET]
nil
PARAMS{"action"=>"index", "controller"=>"posts"}
Redirected to http://localhost:3000/
Filter chain halted as [:check_password] rendered_or_redirected.
Completed in 0ms (DB: 0) | 302 Found [http://localhost/]


Processing PostsController#index (for 127.0.0.1 at 2010-02-21 20:32:53) [GET]
nil
PARAMS{"action"=>"index", "controller"=>"posts"}
Redirected to http://localhost:3000/
Filter chain halted as [:check_password] rendered_or_redirected.
Completed in 0ms (DB: 0) | 302 Found [http://localhost/]


Processing PostsController#index (for 127.0.0.1 at 2010-02-21 20:32:53) [GET]
nil
PARAMS{"action"=>"index", "controller"=>"posts"}
Redirected to http://localhost:3000/
Filter chain halted as [:check_password] rendered_or_redirected.
Completed in 0ms (DB: 0) | 302 Found [http://localhost/]


Processing PostsController#index (for 127.0.0.1 at 2010-02-21 20:32:53) [GET]
nil
PARAMS{"action"=>"index", "controller"=>"posts"}
Redirected to http://localhost:3000/
Filter chain halted as [:check_password] rendered_or_redirected.
Completed in 0ms (DB: 0) | 302 Found [http://localhost/]


Processing PostsController#index (for 127.0.0.1 at 2010-02-21 20:32:53) [GET]
nil
PARAMS{"action"=>"index", "controller"=>"posts"}
Redirected to http://localhost:3000/
Filter chain halted as [:check_password] rendered_or_redirected.
Completed in 0ms (DB: 0) | 302 Found [http://localhost/]


Processing PostsController#index (for 127.0.0.1 at 2010-02-21 20:32:57) [GET]
nil
PARAMS{"action"=>"index", "controller"=>"posts"}
Redirected to http://localhost:3000/
Filter chain halted as [:check_password] rendered_or_redirected.
Completed in 0ms (DB: 0) | 302 Found [http://localhost/]


Processing PostsController#index (for 127.0.0.1 at 2010-02-21 20:32:57) [GET]
nil
PARAMS{"action"=>"index", "controller"=>"posts"}
Redirected to http://localhost:3000/
Filter chain halted as [:check_password] rendered_or_redirected.
Completed in 0ms (DB: 0) | 302 Found [http://localhost/]


Processing PostsController#index (for 127.0.0.1 at 2010-02-21 20:32:57) [GET]
nil
PARAMS{"action"=>"index", "controller"=>"posts"}
Redirected to http://localhost:3000/
Filter chain halted as [:check_password] rendered_or_redirected.
Completed in 0ms (DB: 0) | 302 Found [http://localhost/]


Processing PostsController#index (for 127.0.0.1 at 2010-02-21 20:32:57) [GET]
nil
PARAMS{"action"=>"index", "controller"=>"posts"}
Redirected to http://localhost:3000/
Filter chain halted as [:check_password] rendered_or_redirected.
Completed in 0ms (DB: 0) | 302 Found [http://localhost/]


Processing PostsController#index (for 127.0.0.1 at 2010-02-21 20:32:57) [GET]
nil
PARAMS{"action"=>"index", "controller"=>"posts"}
Redirected to http://localhost:3000/
Filter chain halted as [:check_password] rendered_or_redirected.
Completed in 0ms (DB: 0) | 302 Found [http://localhost/]


Processing PostsController#index (for 127.0.0.1 at 2010-02-21 20:32:57) [GET]
nil
PARAMS{"action"=>"index", "controller"=>"posts"}
Redirected to http://localhost:3000/
Filter chain halted as [:check_password] rendered_or_redirected.
Completed in 0ms (DB: 0) | 302 Found [http://localhost/]


Processing PostsController#index (for 127.0.0.1 at 2010-02-21 20:32:57) [GET]
nil
PARAMS{"action"=>"index", "controller"=>"posts"}
Redirected to http://localhost:3000/
Filter chain halted as [:check_password] rendered_or_redirected.
Completed in 0ms (DB: 0) | 302 Found [http://localhost/]


Processing PostsController#index (for 127.0.0.1 at 2010-02-21 20:32:57) [GET]
nil
PARAMS{"action"=>"index", "controller"=>"posts"}
Redirected to http://localhost:3000/
Filter chain halted as [:check_password] rendered_or_redirected.
Completed in 0ms (DB: 0) | 302 Found [http://localhost/]


Processing PostsController#index (for 127.0.0.1 at 2010-02-21 20:32:57) [GET]
nil
PARAMS{"action"=>"index", "controller"=>"posts"}
Redirected to http://localhost:3000/
Filter chain halted as [:check_password] rendered_or_redirected.
Completed in 0ms (DB: 0) | 302 Found [http://localhost/]


Processing PostsController#index (for 127.0.0.1 at 2010-02-21 20:32:57) [GET]
nil
PARAMS{"action"=>"index", "controller"=>"posts"}
Redirected to http://localhost:3000/
Filter chain halted as [:check_password] rendered_or_redirected.
Completed in 0ms (DB: 0) | 302 Found [http://localhost/]


Processing PostsController#index (for 127.0.0.1 at 2010-02-21 20:32:57) [GET]
nil
PARAMS{"action"=>"index", "controller"=>"posts"}
Redirected to http://localhost:3000/
Filter chain halted as [:check_password] rendered_or_redirected.
Completed in 0ms (DB: 0) | 302 Found [http://localhost/]


Processing PostsController#index (for 127.0.0.1 at 2010-02-21 20:32:57) [GET]
nil
PARAMS{"action"=>"index", "controller"=>"posts"}
Redirected to http://localhost:3000/
Filter chain halted as [:check_password] rendered_or_redirected.
Completed in 0ms (DB: 0) | 302 Found [http://localhost/]


Processing PostsController#index (for 127.0.0.1 at 2010-02-21 20:32:57) [GET]
nil
PARAMS{"action"=>"index", "controller"=>"posts"}
Redirected to http://localhost:3000/
Filter chain halted as [:check_password] rendered_or_redirected.
Completed in 0ms (DB: 0) | 302 Found [http://localhost/]


Processing PostsController#index (for 127.0.0.1 at 2010-02-21 20:32:57) [GET]
nil
PARAMS{"action"=>"index", "controller"=>"posts"}
Redirected to http://localhost:3000/
Filter chain halted as [:check_password] rendered_or_redirected.
Completed in 0ms (DB: 0) | 302 Found [http://localhost/]


Processing PostsController#index (for 127.0.0.1 at 2010-02-21 20:32:57) [GET]
nil
PARAMS{"action"=>"index", "controller"=>"posts"}
Redirected to http://localhost:3000/
Filter chain halted as [:check_password] rendered_or_redirected.
Completed in 0ms (DB: 0) | 302 Found [http://localhost/]


Processing PostsController#index (for 127.0.0.1 at 2010-02-21 20:32:57) [GET]
nil
PARAMS{"action"=>"index", "controller"=>"posts"}
Redirected to http://localhost:3000/
Filter chain halted as [:check_password] rendered_or_redirected.
Completed in 0ms (DB: 0) | 302 Found [http://localhost/]


Processing PostsController#index (for 127.0.0.1 at 2010-02-21 20:32:57) [GET]
nil
PARAMS{"action"=>"index", "controller"=>"posts"}
Redirected to http://localhost:3000/
Filter chain halted as [:check_password] rendered_or_redirected.
Completed in 0ms (DB: 0) | 302 Found [http://localhost/]


Processing PostsController#index (for 127.0.0.1 at 2010-02-21 20:32:57) [GET]
nil
PARAMS{"action"=>"index", "controller"=>"posts"}
Redirected to http://localhost:3000/
Filter chain halted as [:check_password] rendered_or_redirected.
Completed in 0ms (DB: 0) | 302 Found [http://localhost/]


Processing PostsController#index (for 127.0.0.1 at 2010-02-21 20:32:57) [GET]
nil
PARAMS{"action"=>"index", "controller"=>"posts"}
Redirected to http://localhost:3000/
Filter chain halted as [:check_password] rendered_or_redirected.
Completed in 0ms (DB: 0) | 302 Found [http://localhost/]


Processing PostsController#index (for 127.0.0.1 at 2010-02-21 20:32:57) [GET]
nil
PARAMS{"action"=>"index", "controller"=>"posts"}
Redirected to http://localhost:3000/
Filter chain halted as [:check_password] rendered_or_redirected.
Completed in 0ms (DB: 0) | 302 Found [http://localhost/]


Processing PostsController#index (for 127.0.0.1 at 2010-02-21 20:32:57) [GET]
nil
PARAMS{"action"=>"index", "controller"=>"posts"}
Redirected to http://localhost:3000/
Filter chain halted as [:check_password] rendered_or_redirected.
Completed in 0ms (DB: 0) | 302 Found [http://localhost/]


Processing PostsController#index (for 127.0.0.1 at 2010-02-21 20:33:22) [GET]
  [4;35;1mPost Load (0.5ms)[0m   [0mSELECT * FROM "posts" [0m
Rendering template within layouts/posts
Rendering posts/index
Completed in 11ms (View: 7, DB: 1) | 200 OK [http://localhost/]


Processing PostsController#new (for 127.0.0.1 at 2010-02-21 20:33:24) [GET]
Rendering template within layouts/posts
Rendering posts/new
Rendered posts/_form (73.3ms)
Completed in 78ms (View: 75, DB: 0) | 200 OK [http://localhost/posts/new]


Processing PostsController#create (for 127.0.0.1 at 2010-02-21 20:33:41) [POST]
  Parameters: {"commit"=>"Submit", "post"=>{"title"=>"asdfasdf", "published_at(1i)"=>"2010", "published_at(2i)"=>"2", "published_at(3i)"=>"21", "published_at(4i)"=>"19", "content"=>"<p>\r\n\tasdfasdf</p>\r\n", "published_at(5i)"=>"33"}, "authenticity_token"=>"3lwS+V73zysNx8GPMbzBDm5oaAsV044FkGw44b9uxmY=", "check"=>{"password"=>"kosten"}}
{"password"=>"kosten"}
PARAMS{"commit"=>"Submit", "post"=>{"title"=>"asdfasdf", "published_at(1i)"=>"2010", "published_at(2i)"=>"2", "published_at(3i)"=>"21", "content"=>"<p>\r\n\tasdfasdf</p>\r\n", "published_at(4i)"=>"19", "published_at(5i)"=>"33"}, "authenticity_token"=>"3lwS+V73zysNx8GPMbzBDm5oaAsV044FkGw44b9uxmY=", "action"=>"create", "controller"=>"posts", "check"=>{"password"=>"kosten"}}
Redirected to http://localhost:3000/
Filter chain halted as [:check_password] rendered_or_redirected.
Completed in 1ms (DB: 0) | 302 Found [http://localhost/posts]


Processing PostsController#index (for 127.0.0.1 at 2010-02-21 20:33:41) [GET]
  [4;36;1mPost Load (0.5ms)[0m   [0;1mSELECT * FROM "posts" [0m
Rendering template within layouts/posts
Rendering posts/index
Completed in 29ms (View: 24, DB: 0) | 200 OK [http://localhost/]


Processing PostsController#new (for 127.0.0.1 at 2010-02-21 20:33:57) [GET]
Rendering template within layouts/posts
Rendering posts/new
Rendered posts/_form (11.6ms)
Completed in 17ms (View: 13, DB: 0) | 200 OK [http://localhost/posts/new]


Processing PostsController#create (for 127.0.0.1 at 2010-02-21 20:34:02) [POST]
  Parameters: {"commit"=>"Submit", "post"=>{"title"=>"lafeber@gmail.comsdfgsdfg", "published_at(1i)"=>"2010", "published_at(2i)"=>"2", "published_at(3i)"=>"21", "published_at(4i)"=>"19", "content"=>"<p>\r\n\tsdfgsdfg</p>\r\n", "published_at(5i)"=>"33"}, "authenticity_token"=>"3lwS+V73zysNx8GPMbzBDm5oaAsV044FkGw44b9uxmY=", "check"=>{"password"=>"kosten"}}
{"password"=>"kosten"}
PARAMS{"commit"=>"Submit", "post"=>{"title"=>"lafeber@gmail.comsdfgsdfg", "published_at(1i)"=>"2010", "published_at(2i)"=>"2", "published_at(3i)"=>"21", "content"=>"<p>\r\n\tsdfgsdfg</p>\r\n", "published_at(4i)"=>"19", "published_at(5i)"=>"33"}, "authenticity_token"=>"3lwS+V73zysNx8GPMbzBDm5oaAsV044FkGw44b9uxmY=", "action"=>"create", "controller"=>"posts", "check"=>{"password"=>"kosten"}}
Redirected to http://localhost:3000/
Filter chain halted as [:check_password] rendered_or_redirected.
Completed in 1ms (DB: 0) | 302 Found [http://localhost/posts]


Processing PostsController#index (for 127.0.0.1 at 2010-02-21 20:34:02) [GET]
  [4;35;1mPost Load (0.8ms)[0m   [0mSELECT * FROM "posts" [0m
Rendering template within layouts/posts
Rendering posts/index
Completed in 17ms (View: 10, DB: 1) | 200 OK [http://localhost/]


Processing PostsController#new (for 127.0.0.1 at 2010-02-21 20:34:07) [GET]
Rendering template within layouts/posts
Rendering posts/new
Rendered posts/_form (14.6ms)
Completed in 19ms (View: 16, DB: 0) | 200 OK [http://localhost/posts/new]


Processing PostsController#create (for 127.0.0.1 at 2010-02-21 20:34:16) [POST]
  Parameters: {"commit"=>"Submit", "post"=>{"title"=>"lafeber@gmail.com", "published_at(1i)"=>"2010", "published_at(2i)"=>"2", "published_at(3i)"=>"21", "published_at(4i)"=>"19", "content"=>"<p>\r\n\tpaddy</p>\r\n", "published_at(5i)"=>"34"}, "authenticity_token"=>"3lwS+V73zysNx8GPMbzBDm5oaAsV044FkGw44b9uxmY=", "check"=>{"password"=>"p@ddy"}}
{"password"=>"p@ddy"}
PARAMS{"commit"=>"Submit", "post"=>{"title"=>"lafeber@gmail.com", "published_at(1i)"=>"2010", "published_at(2i)"=>"2", "published_at(3i)"=>"21", "content"=>"<p>\r\n\tpaddy</p>\r\n", "published_at(4i)"=>"19", "published_at(5i)"=>"34"}, "authenticity_token"=>"3lwS+V73zysNx8GPMbzBDm5oaAsV044FkGw44b9uxmY=", "action"=>"create", "controller"=>"posts", "check"=>{"password"=>"p@ddy"}}
  [4;36;1mPost Create (13.6ms)[0m   [0;1mINSERT INTO "posts" ("created_at", "title", "updated_at", "content", "published_at", "password") VALUES('2010-02-21 19:34:16', 'lafeber@gmail.com', '2010-02-21 19:34:16', '<p>
	paddy</p>
', '2010-02-21 19:34:00', NULL)[0m
Redirected to http://localhost:3000/posts/3
Completed in 25ms (DB: 14) | 302 Found [http://localhost/posts]


Processing PostsController#show (for 127.0.0.1 at 2010-02-21 20:34:16) [GET]
  Parameters: {"id"=>"3"}
  [4;35;1mPost Load (0.2ms)[0m   [0mSELECT * FROM "posts" WHERE ("posts"."id" = 3) [0m
Rendering template within layouts/posts
Rendering posts/show
Completed in 27ms (View: 23, DB: 0) | 200 OK [http://localhost/posts/3]


Processing PostsController#index (for 127.0.0.1 at 2010-02-21 20:34:22) [GET]
  [4;36;1mPost Load (0.5ms)[0m   [0;1mSELECT * FROM "posts" [0m
Rendering template within layouts/posts
Rendering posts/index
Completed in 7ms (View: 3, DB: 0) | 200 OK [http://localhost/posts]


Processing PostsController#index (for 127.0.0.1 at 2010-02-21 20:39:54) [GET]
  [4;35;1mPost Load (0.5ms)[0m   [0mSELECT * FROM "posts" [0m
Rendering template within layouts/posts
Rendering posts/index
Completed in 8ms (View: 3, DB: 1) | 200 OK [http://localhost/posts]


Processing PostsController#index (for 127.0.0.1 at 2010-02-21 20:39:56) [GET]
  [4;36;1mPost Load (0.5ms)[0m   [0;1mSELECT * FROM "posts" [0m
Rendering template within layouts/posts
Rendering posts/index
Completed in 7ms (View: 3, DB: 0) | 200 OK [http://localhost/posts]


Processing PostsController#index (for 127.0.0.1 at 2010-02-21 20:40:20) [GET]
  [4;35;1mPost Load (0.5ms)[0m   [0mSELECT * FROM "posts" [0m
Rendering template within layouts/posts
Rendering posts/index
Completed in 7ms (View: 4, DB: 1) | 200 OK [http://localhost/posts]


Processing PostsController#index (for 127.0.0.1 at 2010-02-21 20:40:37) [GET]
  [4;36;1mPost Load (0.6ms)[0m   [0;1mSELECT * FROM "posts" [0m
Rendering template within layouts/posts
Rendering posts/index
Completed in 11ms (View: 6, DB: 1) | 200 OK [http://localhost/posts]


Processing PostsController#index (for 127.0.0.1 at 2010-02-21 20:41:35) [GET]
  [4;35;1mPost Load (0.5ms)[0m   [0mSELECT * FROM "posts" [0m
Rendering template within layouts/posts
Rendering posts/index
ERROR: compiling _run_erb_app47views47posts47index46html46erb RAISED compile error
/Users/martijn/Sites/coupling/lovetapwater.org/app/views/posts/index.html.erb:5: syntax error, unexpected tIDENTIFIER, expecting ')'
...p;&nbsp;&nbsp;" edit_post_path(post) ).to_s); @output_buffer...
                              ^
Function body:           def _run_erb_app47views47posts47index46html46erb(local_assigns)
            old_output_buffer = output_buffer;;@output_buffer = '';  __in_erb_template=true ; @output_buffer.concat "<h1>Love tapwater</h1>\n\n"

;  @posts.each do |post| ; @output_buffer.concat "\n  <div class=\"post\">\n    <h2>"

; @output_buffer.concat((h post.title ).to_s); @output_buffer.concat(( link_to "&nbsp;&nbsp;&nbsp;" edit_post_path(post) ).to_s); @output_buffer.concat "</h2>\n    <div class=\"time pos-r\">"
; @output_buffer.concat((h post.published_at.strftime("%d %m %Y") ).to_s); @output_buffer.concat "</div>\n    <div>"
; @output_buffer.concat(( post.content ).to_s); @output_buffer.concat "</div>\n  </div>\n"

;  end ; @output_buffer.concat "\n\n<br />\n\n"



; @output_buffer.concat(( link_to 'New post', new_post_path ).to_s); @output_buffer
          ensure
            self.output_buffer = old_output_buffer
          end
Backtrace: /Users/martijn/Sites/coupling/lovetapwater.org/app/views/posts/index.html.erb:16:in `compile!'
/Users/martijn/.gem/ruby/1.8/gems/actionpack-2.3.5/lib/action_view/renderable.rb:61:in `compile'
/Users/martijn/.gem/ruby/1.8/gems/actionpack-2.3.5/lib/action_view/renderable.rb:28:in `render'
/Users/martijn/.gem/ruby/1.8/gems/actionpack-2.3.5/lib/action_view/template.rb:205:in `render_template'
/Users/martijn/.gem/ruby/1.8/gems/actionpack-2.3.5/lib/action_view/base.rb:265:in `render'
/Users/martijn/.gem/ruby/1.8/gems/actionpack-2.3.5/lib/action_view/base.rb:348:in `_render_with_layout'
/Users/martijn/.gem/ruby/1.8/gems/actionpack-2.3.5/lib/action_view/base.rb:262:in `render'
/Users/martijn/.gem/ruby/1.8/gems/actionpack-2.3.5/lib/action_controller/base.rb:1250:in `render_for_file'
/Users/martijn/.gem/ruby/1.8/gems/actionpack-2.3.5/lib/action_controller/base.rb:945:in `render_without_benchmark'
/Users/martijn/.gem/ruby/1.8/gems/actionpack-2.3.5/lib/action_controller/benchmarking.rb:51:in `render'
/Users/martijn/.gem/ruby/1.8/gems/activesupport-2.3.5/lib/active_support/core_ext/benchmark.rb:17:in `ms'
/System/Library/Frameworks/Ruby.framework/Versions/1.8/usr/lib/ruby/1.8/benchmark.rb:308:in `realtime'
/Users/martijn/.gem/ruby/1.8/gems/activesupport-2.3.5/lib/active_support/core_ext/benchmark.rb:17:in `ms'
/Users/martijn/.gem/ruby/1.8/gems/actionpack-2.3.5/lib/action_controller/benchmarking.rb:51:in `render'
/Users/martijn/.gem/ruby/1.8/gems/actionpack-2.3.5/lib/action_controller/base.rb:1326:in `default_render'
/Users/martijn/.gem/ruby/1.8/gems/actionpack-2.3.5/lib/action_controller/base.rb:1332:in `perform_action_without_filters'
/Users/martijn/.gem/ruby/1.8/gems/actionpack-2.3.5/lib/action_controller/filters.rb:617:in `call_filters'
/Users/martijn/.gem/ruby/1.8/gems/actionpack-2.3.5/lib/action_controller/filters.rb:610:in `perform_action_without_benchmark'
/Users/martijn/.gem/ruby/1.8/gems/actionpack-2.3.5/lib/action_controller/benchmarking.rb:68:in `perform_action_without_rescue'
/Users/martijn/.gem/ruby/1.8/gems/activesupport-2.3.5/lib/active_support/core_ext/benchmark.rb:17:in `ms'
/System/Library/Frameworks/Ruby.framework/Versions/1.8/usr/lib/ruby/1.8/benchmark.rb:308:in `realtime'
/Users/martijn/.gem/ruby/1.8/gems/activesupport-2.3.5/lib/active_support/core_ext/benchmark.rb:17:in `ms'
/Users/martijn/.gem/ruby/1.8/gems/actionpack-2.3.5/lib/action_controller/benchmarking.rb:68:in `perform_action_without_rescue'
/Users/martijn/.gem/ruby/1.8/gems/actionpack-2.3.5/lib/action_controller/rescue.rb:160:in `perform_action_without_flash'
/Users/martijn/.gem/ruby/1.8/gems/actionpack-2.3.5/lib/action_controller/flash.rb:146:in `perform_action'
/Users/martijn/.gem/ruby/1.8/gems/actionpack-2.3.5/lib/action_controller/base.rb:532:in `send'
/Users/martijn/.gem/ruby/1.8/gems/actionpack-2.3.5/lib/action_controller/base.rb:532:in `process_without_filters'
/Users/martijn/.gem/ruby/1.8/gems/actionpack-2.3.5/lib/action_controller/filters.rb:606:in `process'
/Users/martijn/.gem/ruby/1.8/gems/actionpack-2.3.5/lib/action_controller/base.rb:391:in `process'
/Users/martijn/.gem/ruby/1.8/gems/actionpack-2.3.5/lib/action_controller/base.rb:386:in `call'
/Users/martijn/.gem/ruby/1.8/gems/actionpack-2.3.5/lib/action_controller/routing/route_set.rb:437:in `call'
/Users/martijn/.gem/ruby/1.8/gems/actionpack-2.3.5/lib/action_controller/dispatcher.rb:87:in `dispatch'
/Users/martijn/.gem/ruby/1.8/gems/actionpack-2.3.5/lib/action_controller/dispatcher.rb:121:in `_call'
/Users/martijn/.gem/ruby/1.8/gems/actionpack-2.3.5/lib/action_controller/dispatcher.rb:130:in `build_middleware_stack'
/Users/martijn/.gem/ruby/1.8/gems/activerecord-2.3.5/lib/active_record/query_cache.rb:29:in `call'
/Users/martijn/.gem/ruby/1.8/gems/activerecord-2.3.5/lib/active_record/query_cache.rb:29:in `call'
/Users/martijn/.gem/ruby/1.8/gems/activerecord-2.3.5/lib/active_record/connection_adapters/abstract/query_cache.rb:34:in `cache'
/Users/martijn/.gem/ruby/1.8/gems/activerecord-2.3.5/lib/active_record/query_cache.rb:9:in `cache'
/Users/martijn/.gem/ruby/1.8/gems/activerecord-2.3.5/lib/active_record/query_cache.rb:28:in `call'
/Users/martijn/.gem/ruby/1.8/gems/activerecord-2.3.5/lib/active_record/connection_adapters/abstract/connection_pool.rb:361:in `call'
/Users/martijn/.gem/ruby/1.8/gems/actionpack-2.3.5/lib/action_controller/string_coercion.rb:25:in `call'
/Users/martijn/.gem/ruby/1.8/gems/rack-1.0.1/lib/rack/head.rb:9:in `call'
/Users/martijn/.gem/ruby/1.8/gems/rack-1.0.1/lib/rack/methodoverride.rb:24:in `call'
/Users/martijn/.gem/ruby/1.8/gems/actionpack-2.3.5/lib/action_controller/params_parser.rb:15:in `call'
/Users/martijn/.gem/ruby/1.8/gems/actionpack-2.3.5/lib/action_controller/session/cookie_store.rb:93:in `call'
/Users/martijn/.gem/ruby/1.8/gems/actionpack-2.3.5/lib/action_controller/failsafe.rb:26:in `call'
/Users/martijn/.gem/ruby/1.8/gems/rack-1.0.1/lib/rack/lock.rb:11:in `call'
/Users/martijn/.gem/ruby/1.8/gems/rack-1.0.1/lib/rack/lock.rb:11:in `synchronize'
/Users/martijn/.gem/ruby/1.8/gems/rack-1.0.1/lib/rack/lock.rb:11:in `call'
/Users/martijn/.gem/ruby/1.8/gems/actionpack-2.3.5/lib/action_controller/dispatcher.rb:114:in `call'
/Users/martijn/.gem/ruby/1.8/gems/actionpack-2.3.5/lib/action_controller/reloader.rb:34:in `run'
/Users/martijn/.gem/ruby/1.8/gems/actionpack-2.3.5/lib/action_controller/dispatcher.rb:108:in `call'
/Users/martijn/.gem/ruby/1.8/gems/rails-2.3.5/lib/rails/rack/static.rb:31:in `call'
/Users/martijn/.gem/ruby/1.8/gems/rack-1.0.1/lib/rack/urlmap.rb:46:in `call'
/Users/martijn/.gem/ruby/1.8/gems/rack-1.0.1/lib/rack/urlmap.rb:40:in `each'
/Users/martijn/.gem/ruby/1.8/gems/rack-1.0.1/lib/rack/urlmap.rb:40:in `call'
/Users/martijn/.gem/ruby/1.8/gems/rails-2.3.5/lib/rails/rack/log_tailer.rb:17:in `call'
/Users/martijn/.gem/ruby/1.8/gems/rack-1.0.1/lib/rack/content_length.rb:13:in `call'
/Users/martijn/.gem/ruby/1.8/gems/rack-1.0.1/lib/rack/handler/webrick.rb:50:in `service'
/System/Library/Frameworks/Ruby.framework/Versions/1.8/usr/lib/ruby/1.8/webrick/httpserver.rb:104:in `service'
/System/Library/Frameworks/Ruby.framework/Versions/1.8/usr/lib/ruby/1.8/webrick/httpserver.rb:65:in `run'
/System/Library/Frameworks/Ruby.framework/Versions/1.8/usr/lib/ruby/1.8/webrick/server.rb:173:in `start_thread'
/System/Library/Frameworks/Ruby.framework/Versions/1.8/usr/lib/ruby/1.8/webrick/server.rb:162:in `start'
/System/Library/Frameworks/Ruby.framework/Versions/1.8/usr/lib/ruby/1.8/webrick/server.rb:162:in `start_thread'
/System/Library/Frameworks/Ruby.framework/Versions/1.8/usr/lib/ruby/1.8/webrick/server.rb:95:in `start'
/System/Library/Frameworks/Ruby.framework/Versions/1.8/usr/lib/ruby/1.8/webrick/server.rb:92:in `each'
/System/Library/Frameworks/Ruby.framework/Versions/1.8/usr/lib/ruby/1.8/webrick/server.rb:92:in `start'
/System/Library/Frameworks/Ruby.framework/Versions/1.8/usr/lib/ruby/1.8/webrick/server.rb:23:in `start'
/System/Library/Frameworks/Ruby.framework/Versions/1.8/usr/lib/ruby/1.8/webrick/server.rb:82:in `start'
/Users/martijn/.gem/ruby/1.8/gems/rack-1.0.1/lib/rack/handler/webrick.rb:14:in `run'
/Users/martijn/.gem/ruby/1.8/gems/rails-2.3.5/lib/commands/server.rb:111
/Library/Ruby/Site/1.8/rubygems/custom_require.rb:31:in `gem_original_require'
/Library/Ruby/Site/1.8/rubygems/custom_require.rb:31:in `require'
./script/server:3

ActionView::TemplateError (compile error
/Users/martijn/Sites/coupling/lovetapwater.org/app/views/posts/index.html.erb:5: syntax error, unexpected tIDENTIFIER, expecting ')'
...p;&nbsp;&nbsp;" edit_post_path(post) ).to_s); @output_buffer...
                              ^) on line #5 of app/views/posts/index.html.erb:
2: 
3: <% @posts.each do |post| %>
4:   <div class="post">
5:     <h2><%=h post.title %><%= link_to "&nbsp;&nbsp;&nbsp;" edit_post_path(post) %></h2>
6:     <div class="time pos-r"><%=h post.published_at.strftime("%d %m %Y") %></div>
7:     <div><%= post.content %></div>
8:   </div>

    app/views/posts/index.html.erb:16:in `compile!'
    /System/Library/Frameworks/Ruby.framework/Versions/1.8/usr/lib/ruby/1.8/webrick/httpserver.rb:104:in `service'
    /System/Library/Frameworks/Ruby.framework/Versions/1.8/usr/lib/ruby/1.8/webrick/httpserver.rb:65:in `run'
    /System/Library/Frameworks/Ruby.framework/Versions/1.8/usr/lib/ruby/1.8/webrick/server.rb:173:in `start_thread'
    /System/Library/Frameworks/Ruby.framework/Versions/1.8/usr/lib/ruby/1.8/webrick/server.rb:162:in `start'
    /System/Library/Frameworks/Ruby.framework/Versions/1.8/usr/lib/ruby/1.8/webrick/server.rb:162:in `start_thread'
    /System/Library/Frameworks/Ruby.framework/Versions/1.8/usr/lib/ruby/1.8/webrick/server.rb:95:in `start'
    /System/Library/Frameworks/Ruby.framework/Versions/1.8/usr/lib/ruby/1.8/webrick/server.rb:92:in `each'
    /System/Library/Frameworks/Ruby.framework/Versions/1.8/usr/lib/ruby/1.8/webrick/server.rb:92:in `start'
    /System/Library/Frameworks/Ruby.framework/Versions/1.8/usr/lib/ruby/1.8/webrick/server.rb:23:in `start'
    /System/Library/Frameworks/Ruby.framework/Versions/1.8/usr/lib/ruby/1.8/webrick/server.rb:82:in `start'

Rendered rescues/_trace (31.9ms)
Rendered rescues/_request_and_response (0.3ms)
Rendering rescues/layout (internal_server_error)


Processing PostsController#index (for 127.0.0.1 at 2010-02-21 20:41:48) [GET]
  [4;36;1mPost Load (0.5ms)[0m   [0;1mSELECT * FROM "posts" [0m
Rendering template within layouts/posts
Rendering posts/index
Completed in 75ms (View: 72, DB: 1) | 200 OK [http://localhost/posts]


Processing PostsController#index (for 127.0.0.1 at 2010-02-21 20:42:33) [GET]
  [4;35;1mPost Load (0.5ms)[0m   [0mSELECT * FROM "posts" [0m
Rendering template within layouts/posts
Rendering posts/index
Completed in 8ms (View: 4, DB: 0) | 200 OK [http://localhost/posts]


Processing PostsController#edit (for 127.0.0.1 at 2010-02-21 20:42:34) [GET]
  Parameters: {"id"=>"1"}
  [4;36;1mPost Load (0.2ms)[0m   [0;1mSELECT * FROM "posts" WHERE ("posts"."id" = 1) [0m
Rendering template within layouts/posts
Rendering posts/edit

ActionView::TemplateError (undefined method `include?' for :form:Symbol) on line #3 of app/views/posts/edit.html.erb:
1: <h1>Editing post</h1>
2: 
3: <%= render :partial => :form, :locals => {:post => @post} %>
4: 
5: <%= link_to 'Show', @post %> |

    app/views/posts/edit.html.erb:3
    /System/Library/Frameworks/Ruby.framework/Versions/1.8/usr/lib/ruby/1.8/webrick/httpserver.rb:104:in `service'
    /System/Library/Frameworks/Ruby.framework/Versions/1.8/usr/lib/ruby/1.8/webrick/httpserver.rb:65:in `run'
    /System/Library/Frameworks/Ruby.framework/Versions/1.8/usr/lib/ruby/1.8/webrick/server.rb:173:in `start_thread'
    /System/Library/Frameworks/Ruby.framework/Versions/1.8/usr/lib/ruby/1.8/webrick/server.rb:162:in `start'
    /System/Library/Frameworks/Ruby.framework/Versions/1.8/usr/lib/ruby/1.8/webrick/server.rb:162:in `start_thread'
    /System/Library/Frameworks/Ruby.framework/Versions/1.8/usr/lib/ruby/1.8/webrick/server.rb:95:in `start'
    /System/Library/Frameworks/Ruby.framework/Versions/1.8/usr/lib/ruby/1.8/webrick/server.rb:92:in `each'
    /System/Library/Frameworks/Ruby.framework/Versions/1.8/usr/lib/ruby/1.8/webrick/server.rb:92:in `start'
    /System/Library/Frameworks/Ruby.framework/Versions/1.8/usr/lib/ruby/1.8/webrick/server.rb:23:in `start'
    /System/Library/Frameworks/Ruby.framework/Versions/1.8/usr/lib/ruby/1.8/webrick/server.rb:82:in `start'

Rendered rescues/_trace (34.9ms)
Rendered rescues/_request_and_response (0.3ms)
Rendering rescues/layout (internal_server_error)


Processing PostsController#edit (for 127.0.0.1 at 2010-02-21 20:42:46) [GET]
  Parameters: {"id"=>"1"}
  [4;35;1mPost Load (0.2ms)[0m   [0mSELECT * FROM "posts" WHERE ("posts"."id" = 1) [0m
Rendering template within layouts/posts
Rendering posts/edit
Rendered posts/_form (12.2ms)
Completed in 87ms (View: 83, DB: 0) | 200 OK [http://localhost/posts/1/edit]


Processing PostsController#edit (for 127.0.0.1 at 2010-02-21 20:43:02) [GET]
  Parameters: {"id"=>"1"}
  [4;36;1mPost Load (0.2ms)[0m   [0;1mSELECT * FROM "posts" WHERE ("posts"."id" = 1) [0m
Rendering template within layouts/posts
Rendering posts/edit
Rendered posts/_form (11.8ms)
Completed in 23ms (View: 16, DB: 0) | 200 OK [http://localhost/posts/1/edit]


Processing PostsController#edit (for 127.0.0.1 at 2010-02-21 20:43:29) [GET]
  Parameters: {"id"=>"1"}
  [4;35;1mPost Load (0.2ms)[0m   [0mSELECT * FROM "posts" WHERE ("posts"."id" = 1) [0m
Rendering template within layouts/posts
Rendering posts/edit
Rendered posts/_form (12.1ms)
Completed in 18ms (View: 13, DB: 0) | 200 OK [http://localhost/posts/1/edit]


Processing PostsController#update (for 127.0.0.1 at 2010-02-21 20:43:49) [PUT]
  Parameters: {"commit"=>"Submit", "post"=>{"title"=>"Brazil", "published_at(1i)"=>"2010", "published_at(2i)"=>"2", "published_at(3i)"=>"21", "published_at(4i)"=>"18", "content"=>"<p>\r\n\tPee in the shower Yah yah yah Pee in the shower Yah yah yah Pee in the shower Yah yah yah Pee in the shower Yah yah yah Pee in the shower Yah yah yah Pee in the shower Yah yah yah Pee in the shower Yah yah yah Pee in the shower Yah yah yah Pee in the shower Yah yah yah Pee in the shower Yah yah yah Pee in the shower Yah yah yah Pee in the shower Yah yah yah Pee in the shower Yah yah yah Pee in the shower Yah yah yah Pee in the shower Yah yah yah Pee in the shower Yah yah yah Pee in the shower Yah yah yah Pee in the shower Yah yah yah Pee in the shower Yah yah yah</p>\r\n", "published_at(5i)"=>"50"}, "authenticity_token"=>"3lwS+V73zysNx8GPMbzBDm5oaAsV044FkGw44b9uxmY=", "id"=>"1", "check"=>{"password"=>"p@ddy"}}
{"password"=>"p@ddy"}
PARAMS{"commit"=>"Submit", "post"=>{"title"=>"Brazil", "published_at(1i)"=>"2010", "published_at(2i)"=>"2", "published_at(3i)"=>"21", "content"=>"<p>\r\n\tPee in the shower Yah yah yah Pee in the shower Yah yah yah Pee in the shower Yah yah yah Pee in the shower Yah yah yah Pee in the shower Yah yah yah Pee in the shower Yah yah yah Pee in the shower Yah yah yah Pee in the shower Yah yah yah Pee in the shower Yah yah yah Pee in the shower Yah yah yah Pee in the shower Yah yah yah Pee in the shower Yah yah yah Pee in the shower Yah yah yah Pee in the shower Yah yah yah Pee in the shower Yah yah yah Pee in the shower Yah yah yah Pee in the shower Yah yah yah Pee in the shower Yah yah yah Pee in the shower Yah yah yah</p>\r\n", "published_at(4i)"=>"18", "published_at(5i)"=>"50"}, "authenticity_token"=>"3lwS+V73zysNx8GPMbzBDm5oaAsV044FkGw44b9uxmY=", "_method"=>"put", "action"=>"update", "id"=>"1", "controller"=>"posts", "check"=>{"password"=>"p@ddy"}}
  [4;36;1mPost Load (0.3ms)[0m   [0;1mSELECT * FROM "posts" WHERE ("posts"."id" = 1) [0m
  [4;35;1mPost Update (49.8ms)[0m   [0mUPDATE "posts" SET "updated_at" = '2010-02-21 19:43:49', "content" = '<p>
	Pee in the shower Yah yah yah Pee in the shower Yah yah yah Pee in the shower Yah yah yah Pee in the shower Yah yah yah Pee in the shower Yah yah yah Pee in the shower Yah yah yah Pee in the shower Yah yah yah Pee in the shower Yah yah yah Pee in the shower Yah yah yah Pee in the shower Yah yah yah Pee in the shower Yah yah yah Pee in the shower Yah yah yah Pee in the shower Yah yah yah Pee in the shower Yah yah yah Pee in the shower Yah yah yah Pee in the shower Yah yah yah Pee in the shower Yah yah yah Pee in the shower Yah yah yah Pee in the shower Yah yah yah</p>
' WHERE "id" = 1[0m
Redirected to http://localhost:3000/posts/1
Completed in 160ms (DB: 50) | 302 Found [http://localhost/posts/1]


Processing PostsController#show (for 127.0.0.1 at 2010-02-21 20:43:49) [GET]
  Parameters: {"id"=>"1"}
  [4;36;1mPost Load (0.2ms)[0m   [0;1mSELECT * FROM "posts" WHERE ("posts"."id" = 1) [0m
Rendering template within layouts/posts
Rendering posts/show
Completed in 10ms (View: 4, DB: 0) | 200 OK [http://localhost/posts/1]


Processing PostsController#index (for 127.0.0.1 at 2010-02-21 20:43:57) [GET]
  [4;35;1mPost Load (0.5ms)[0m   [0mSELECT * FROM "posts" [0m
Rendering template within layouts/posts
Rendering posts/index
Completed in 8ms (View: 4, DB: 1) | 200 OK [http://localhost/posts]


Processing PostsController#index (for 127.0.0.1 at 2010-02-21 20:44:54) [GET]
  [4;36;1mPost Load (0.5ms)[0m   [0;1mSELECT * FROM "posts" [0m
Rendering template within layouts/posts
Rendering posts/index
Completed in 11ms (View: 7, DB: 1) | 200 OK [http://localhost/posts]


Processing PostsController#index (for 127.0.0.1 at 2010-02-21 20:45:25) [GET]
  [4;35;1mPost Load (0.5ms)[0m   [0mSELECT * FROM "posts" [0m
Rendering template within layouts/posts
Rendering posts/index
Completed in 8ms (View: 4, DB: 0) | 200 OK [http://localhost/posts]


Processing PostsController#index (for 127.0.0.1 at 2010-02-21 20:45:56) [GET]
  [4;36;1mPost Load (0.6ms)[0m   [0;1mSELECT * FROM "posts" [0m
Rendering template within layouts/posts
Rendering posts/index
Completed in 8ms (View: 4, DB: 1) | 200 OK [http://localhost/posts]


Processing PostsController#index (for 127.0.0.1 at 2010-02-21 20:45:59) [GET]
  [4;35;1mPost Load (0.5ms)[0m   [0mSELECT * FROM "posts" [0m
Rendering template within layouts/posts
Rendering posts/index
Completed in 8ms (View: 4, DB: 0) | 200 OK [http://localhost/posts]


Processing PostsController#index (for 127.0.0.1 at 2010-02-21 20:46:06) [GET]
  [4;36;1mPost Load (0.5ms)[0m   [0;1mSELECT * FROM "posts" [0m
Rendering template within layouts/posts
Rendering posts/index
Completed in 8ms (View: 4, DB: 0) | 200 OK [http://localhost/posts]


Processing PostsController#index (for 127.0.0.1 at 2010-02-21 20:46:43) [GET]
  [4;35;1mPost Load (0.5ms)[0m   [0mSELECT * FROM "posts" [0m
Rendering template within layouts/posts
Rendering posts/index
Completed in 8ms (View: 4, DB: 1) | 200 OK [http://localhost/posts]


Processing PostsController#edit (for 127.0.0.1 at 2010-02-21 20:46:46) [GET]
  Parameters: {"id"=>"1"}
  [4;36;1mPost Load (0.2ms)[0m   [0;1mSELECT * FROM "posts" WHERE ("posts"."id" = 1) [0m
Rendering template within layouts/posts
Rendering posts/edit
Rendered posts/_form (12.0ms)
Completed in 19ms (View: 14, DB: 0) | 200 OK [http://localhost/posts/1/edit]


Processing PostsController#index (for 127.0.0.1 at 2010-02-21 20:49:36) [GET]
  [4;35;1mPost Load (0.5ms)[0m   [0mSELECT * FROM "posts" [0m
Rendering template within layouts/posts
Rendering posts/index
Completed in 8ms (View: 4, DB: 1) | 200 OK [http://localhost/]


Processing PostsController#index (for 127.0.0.1 at 2010-02-21 20:49:57) [GET]
  [4;36;1mPost Load (0.5ms)[0m   [0;1mSELECT * FROM "posts" [0m
Rendering template within layouts/posts
Rendering posts/index
Completed in 8ms (View: 4, DB: 0) | 200 OK [http://localhost/]


Processing PostsController#index (for 127.0.0.1 at 2010-02-21 20:49:59) [GET]
  [4;35;1mPost Load (0.5ms)[0m   [0mSELECT * FROM "posts" [0m
Rendering template within layouts/posts
Rendering posts/index
Completed in 8ms (View: 4, DB: 0) | 200 OK [http://localhost/]


Processing PostsController#index (for 127.0.0.1 at 2010-02-21 20:50:08) [GET]
  [4;36;1mPost Load (0.5ms)[0m   [0;1mSELECT * FROM "posts" [0m
Rendering template within layouts/posts
Rendering posts/index
Completed in 8ms (View: 4, DB: 1) | 200 OK [http://localhost/]


Processing PostsController#new (for 127.0.0.1 at 2010-02-21 20:50:11) [GET]
Rendering template within layouts/posts
Rendering posts/new
Rendered posts/_form (60.6ms)
Completed in 66ms (View: 62, DB: 0) | 200 OK [http://localhost/posts/new]


Processing PostsController#index (for 127.0.0.1 at 2010-02-21 20:55:22) [GET]
  [4;35;1mPost Load (0.5ms)[0m   [0mSELECT * FROM "posts" [0m
Rendering template within layouts/posts
Rendering posts/index
Completed in 9ms (View: 5, DB: 1) | 200 OK [http://localhost/]


Processing PostsController#index (for 127.0.0.1 at 2010-02-21 20:58:28) [GET]
  [4;36;1mPost Load (0.5ms)[0m   [0;1mSELECT * FROM "posts" [0m
Rendering template within layouts/posts
Rendering posts/index
Completed in 11ms (View: 7, DB: 0) | 200 OK [http://localhost/]


Processing PostsController#index (for 127.0.0.1 at 2010-02-21 20:58:39) [GET]
  [4;35;1mPost Load (0.5ms)[0m   [0mSELECT * FROM "posts" [0m
Rendering template within layouts/posts
Rendering posts/index
Completed in 8ms (View: 4, DB: 0) | 200 OK [http://localhost/]


Processing PostsController#index (for 127.0.0.1 at 2010-02-21 20:58:41) [GET]
  [4;36;1mPost Load (0.5ms)[0m   [0;1mSELECT * FROM "posts" [0m
Rendering template within layouts/posts
Rendering posts/index
Completed in 8ms (View: 4, DB: 0) | 200 OK [http://localhost/]


Processing PostsController#index (for 127.0.0.1 at 2010-02-21 20:58:46) [GET]
  [4;35;1mPost Load (0.5ms)[0m   [0mSELECT * FROM "posts" [0m
Rendering template within layouts/posts
Rendering posts/index
Completed in 69ms (View: 65, DB: 1) | 200 OK [http://localhost/]


Processing PostsController#index (for 127.0.0.1 at 2010-02-21 20:58:58) [GET]
  [4;36;1mPost Load (0.5ms)[0m   [0;1mSELECT * FROM "posts" [0m
Rendering template within layouts/posts
Rendering posts/index
Completed in 8ms (View: 4, DB: 1) | 200 OK [http://localhost/]


Processing PostsController#index (for 127.0.0.1 at 2010-02-21 20:59:00) [GET]
  [4;35;1mPost Load (0.6ms)[0m   [0mSELECT * FROM "posts" [0m
Rendering template within layouts/posts
Rendering posts/index
Completed in 8ms (View: 4, DB: 1) | 200 OK [http://localhost/]


Processing PostsController#index (for 127.0.0.1 at 2010-02-21 20:59:26) [GET]
  [4;36;1mPost Load (0.5ms)[0m   [0;1mSELECT * FROM "posts" [0m
Rendering template within layouts/posts
Rendering posts/index
Completed in 8ms (View: 4, DB: 0) | 200 OK [http://localhost/]


Processing PostsController#index (for 127.0.0.1 at 2010-02-21 21:05:54) [GET]
  [4;35;1mPost Load (0.5ms)[0m   [0mSELECT * FROM "posts" [0m
Rendering template within layouts/posts
Rendering posts/index
Completed in 8ms (View: 4, DB: 1) | 200 OK [http://localhost/]


Processing PostsController#index (for 127.0.0.1 at 2010-02-21 21:07:10) [GET]
  [4;36;1mPost Load (0.5ms)[0m   [0;1mSELECT * FROM "posts" [0m
Rendering template within layouts/posts
Rendering posts/index
Completed in 8ms (View: 4, DB: 1) | 200 OK [http://localhost/]


Processing PostsController#index (for 127.0.0.1 at 2010-02-21 21:07:26) [GET]
  [4;35;1mPost Load (0.5ms)[0m   [0mSELECT * FROM "posts" [0m
Rendering template within layouts/posts
Rendering posts/index
Completed in 10ms (View: 7, DB: 0) | 200 OK [http://localhost/]


Processing PostsController#index (for 127.0.0.1 at 2010-02-21 21:08:14) [GET]
  [4;36;1mPost Load (0.5ms)[0m   [0;1mSELECT * FROM "posts" [0m
Rendering template within layouts/posts
Rendering posts/index
Completed in 11ms (View: 7, DB: 0) | 200 OK [http://localhost/]


Processing PostsController#index (for 127.0.0.1 at 2010-02-21 21:08:28) [GET]
  [4;35;1mPost Load (0.5ms)[0m   [0mSELECT * FROM "posts" [0m
Rendering template within layouts/posts
Rendering posts/index
Completed in 11ms (View: 7, DB: 0) | 200 OK [http://localhost/]


Processing PostsController#index (for 127.0.0.1 at 2010-02-21 21:10:47) [GET]
  [4;36;1mPost Load (0.5ms)[0m   [0;1mSELECT * FROM "posts" [0m
Rendering template within layouts/posts
Rendering posts/index
Completed in 7ms (View: 4, DB: 0) | 200 OK [http://localhost/]


Processing PostsController#index (for 127.0.0.1 at 2010-02-21 21:10:55) [GET]
  [4;35;1mPost Load (0.5ms)[0m   [0mSELECT * FROM "posts" [0m
Rendering template within layouts/posts
Rendering posts/index
Completed in 7ms (View: 4, DB: 0) | 200 OK [http://localhost/]


Processing PostsController#index (for 127.0.0.1 at 2010-02-21 21:11:20) [GET]
  [4;36;1mPost Load (0.5ms)[0m   [0;1mSELECT * FROM "posts" [0m
Rendering template within layouts/posts
Rendering posts/index
Completed in 10ms (View: 7, DB: 0) | 200 OK [http://localhost/]


Processing PostsController#index (for 127.0.0.1 at 2010-02-21 21:11:38) [GET]
  [4;35;1mPost Load (0.5ms)[0m   [0mSELECT * FROM "posts" [0m
Rendering template within layouts/posts
Rendering posts/index
Completed in 68ms (View: 65, DB: 0) | 200 OK [http://localhost/]


Processing PostsController#index (for 127.0.0.1 at 2010-02-21 21:11:51) [GET]
  [4;36;1mPost Load (0.5ms)[0m   [0;1mSELECT * FROM "posts" [0m
Rendering template within layouts/posts
Rendering posts/index

ActionView::TemplateError (undefined method `to_lower' for "21 February 2010":String) on line #7 of app/views/posts/index.html.erb:
4:   <div class="post">
5:     <h2><%=h post.title %><%= link_to "&nbsp;&nbsp;&nbsp;", edit_post_path(post) %></h2>
6:     <div><%= post.content %></div>
7:     <div class="time">posted on <%=h post.published_at.strftime("%d %B %Y").to_lower %></div>
8:   </div>
9: <% end %>
10: 

    app/views/posts/index.html.erb:7
    app/views/posts/index.html.erb:3:in `each'
    app/views/posts/index.html.erb:3
    /System/Library/Frameworks/Ruby.framework/Versions/1.8/usr/lib/ruby/1.8/webrick/httpserver.rb:104:in `service'
    /System/Library/Frameworks/Ruby.framework/Versions/1.8/usr/lib/ruby/1.8/webrick/httpserver.rb:65:in `run'
    /System/Library/Frameworks/Ruby.framework/Versions/1.8/usr/lib/ruby/1.8/webrick/server.rb:173:in `start_thread'
    /System/Library/Frameworks/Ruby.framework/Versions/1.8/usr/lib/ruby/1.8/webrick/server.rb:162:in `start'
    /System/Library/Frameworks/Ruby.framework/Versions/1.8/usr/lib/ruby/1.8/webrick/server.rb:162:in `start_thread'
    /System/Library/Frameworks/Ruby.framework/Versions/1.8/usr/lib/ruby/1.8/webrick/server.rb:95:in `start'
    /System/Library/Frameworks/Ruby.framework/Versions/1.8/usr/lib/ruby/1.8/webrick/server.rb:92:in `each'
    /System/Library/Frameworks/Ruby.framework/Versions/1.8/usr/lib/ruby/1.8/webrick/server.rb:92:in `start'
    /System/Library/Frameworks/Ruby.framework/Versions/1.8/usr/lib/ruby/1.8/webrick/server.rb:23:in `start'
    /System/Library/Frameworks/Ruby.framework/Versions/1.8/usr/lib/ruby/1.8/webrick/server.rb:82:in `start'

Rendered rescues/_trace (32.3ms)
Rendered rescues/_request_and_response (0.3ms)
Rendering rescues/layout (internal_server_error)


Processing PostsController#index (for 127.0.0.1 at 2010-02-21 21:11:57) [GET]
  [4;35;1mPost Load (0.5ms)[0m   [0mSELECT * FROM "posts" [0m
Rendering template within layouts/posts
Rendering posts/index

ActionView::TemplateError (undefined method `to_lowercase' for "21 February 2010":String) on line #7 of app/views/posts/index.html.erb:
4:   <div class="post">
5:     <h2><%=h post.title %><%= link_to "&nbsp;&nbsp;&nbsp;", edit_post_path(post) %></h2>
6:     <div><%= post.content %></div>
7:     <div class="time">posted on <%=h post.published_at.strftime("%d %B %Y").to_lowercase %></div>
8:   </div>
9: <% end %>
10: 

    app/views/posts/index.html.erb:7
    app/views/posts/index.html.erb:3:in `each'
    app/views/posts/index.html.erb:3
    /System/Library/Frameworks/Ruby.framework/Versions/1.8/usr/lib/ruby/1.8/webrick/httpserver.rb:104:in `service'
    /System/Library/Frameworks/Ruby.framework/Versions/1.8/usr/lib/ruby/1.8/webrick/httpserver.rb:65:in `run'
    /System/Library/Frameworks/Ruby.framework/Versions/1.8/usr/lib/ruby/1.8/webrick/server.rb:173:in `start_thread'
    /System/Library/Frameworks/Ruby.framework/Versions/1.8/usr/lib/ruby/1.8/webrick/server.rb:162:in `start'
    /System/Library/Frameworks/Ruby.framework/Versions/1.8/usr/lib/ruby/1.8/webrick/server.rb:162:in `start_thread'
    /System/Library/Frameworks/Ruby.framework/Versions/1.8/usr/lib/ruby/1.8/webrick/server.rb:95:in `start'
    /System/Library/Frameworks/Ruby.framework/Versions/1.8/usr/lib/ruby/1.8/webrick/server.rb:92:in `each'
    /System/Library/Frameworks/Ruby.framework/Versions/1.8/usr/lib/ruby/1.8/webrick/server.rb:92:in `start'
    /System/Library/Frameworks/Ruby.framework/Versions/1.8/usr/lib/ruby/1.8/webrick/server.rb:23:in `start'
    /System/Library/Frameworks/Ruby.framework/Versions/1.8/usr/lib/ruby/1.8/webrick/server.rb:82:in `start'

Rendered rescues/_trace (96.8ms)
Rendered rescues/_request_and_response (0.2ms)
Rendering rescues/layout (internal_server_error)


Processing PostsController#index (for 127.0.0.1 at 2010-02-21 21:12:03) [GET]
  [4;36;1mPost Load (0.7ms)[0m   [0;1mSELECT * FROM "posts" [0m
Rendering template within layouts/posts
Rendering posts/index

ActionView::TemplateError (undefined method `lowercase' for "21 February 2010":String) on line #7 of app/views/posts/index.html.erb:
4:   <div class="post">
5:     <h2><%=h post.title %><%= link_to "&nbsp;&nbsp;&nbsp;", edit_post_path(post) %></h2>
6:     <div><%= post.content %></div>
7:     <div class="time">posted on <%=h post.published_at.strftime("%d %B %Y").lowercase %></div>
8:   </div>
9: <% end %>
10: 

    app/views/posts/index.html.erb:7
    app/views/posts/index.html.erb:3:in `each'
    app/views/posts/index.html.erb:3
    /System/Library/Frameworks/Ruby.framework/Versions/1.8/usr/lib/ruby/1.8/webrick/httpserver.rb:104:in `service'
    /System/Library/Frameworks/Ruby.framework/Versions/1.8/usr/lib/ruby/1.8/webrick/httpserver.rb:65:in `run'
    /System/Library/Frameworks/Ruby.framework/Versions/1.8/usr/lib/ruby/1.8/webrick/server.rb:173:in `start_thread'
    /System/Library/Frameworks/Ruby.framework/Versions/1.8/usr/lib/ruby/1.8/webrick/server.rb:162:in `start'
    /System/Library/Frameworks/Ruby.framework/Versions/1.8/usr/lib/ruby/1.8/webrick/server.rb:162:in `start_thread'
    /System/Library/Frameworks/Ruby.framework/Versions/1.8/usr/lib/ruby/1.8/webrick/server.rb:95:in `start'
    /System/Library/Frameworks/Ruby.framework/Versions/1.8/usr/lib/ruby/1.8/webrick/server.rb:92:in `each'
    /System/Library/Frameworks/Ruby.framework/Versions/1.8/usr/lib/ruby/1.8/webrick/server.rb:92:in `start'
    /System/Library/Frameworks/Ruby.framework/Versions/1.8/usr/lib/ruby/1.8/webrick/server.rb:23:in `start'
    /System/Library/Frameworks/Ruby.framework/Versions/1.8/usr/lib/ruby/1.8/webrick/server.rb:82:in `start'

Rendered rescues/_trace (32.4ms)
Rendered rescues/_request_and_response (0.2ms)
Rendering rescues/layout (internal_server_error)


Processing PostsController#index (for 127.0.0.1 at 2010-02-21 21:12:09) [GET]
  [4;35;1mPost Load (0.5ms)[0m   [0mSELECT * FROM "posts" [0m
Rendering template within layouts/posts
Rendering posts/index

ActionView::TemplateError (undefined method `to_upper' for "21 February 2010":String) on line #7 of app/views/posts/index.html.erb:
4:   <div class="post">
5:     <h2><%=h post.title %><%= link_to "&nbsp;&nbsp;&nbsp;", edit_post_path(post) %></h2>
6:     <div><%= post.content %></div>
7:     <div class="time">posted on <%=h post.published_at.strftime("%d %B %Y").to_upper %></div>
8:   </div>
9: <% end %>
10: 

    app/views/posts/index.html.erb:7
    app/views/posts/index.html.erb:3:in `each'
    app/views/posts/index.html.erb:3
    /System/Library/Frameworks/Ruby.framework/Versions/1.8/usr/lib/ruby/1.8/webrick/httpserver.rb:104:in `service'
    /System/Library/Frameworks/Ruby.framework/Versions/1.8/usr/lib/ruby/1.8/webrick/httpserver.rb:65:in `run'
    /System/Library/Frameworks/Ruby.framework/Versions/1.8/usr/lib/ruby/1.8/webrick/server.rb:173:in `start_thread'
    /System/Library/Frameworks/Ruby.framework/Versions/1.8/usr/lib/ruby/1.8/webrick/server.rb:162:in `start'
    /System/Library/Frameworks/Ruby.framework/Versions/1.8/usr/lib/ruby/1.8/webrick/server.rb:162:in `start_thread'
    /System/Library/Frameworks/Ruby.framework/Versions/1.8/usr/lib/ruby/1.8/webrick/server.rb:95:in `start'
    /System/Library/Frameworks/Ruby.framework/Versions/1.8/usr/lib/ruby/1.8/webrick/server.rb:92:in `each'
    /System/Library/Frameworks/Ruby.framework/Versions/1.8/usr/lib/ruby/1.8/webrick/server.rb:92:in `start'
    /System/Library/Frameworks/Ruby.framework/Versions/1.8/usr/lib/ruby/1.8/webrick/server.rb:23:in `start'
    /System/Library/Frameworks/Ruby.framework/Versions/1.8/usr/lib/ruby/1.8/webrick/server.rb:82:in `start'

Rendered rescues/_trace (32.5ms)
Rendered rescues/_request_and_response (0.3ms)
Rendering rescues/layout (internal_server_error)


Processing PostsController#index (for 127.0.0.1 at 2010-02-21 21:12:45) [GET]
  [4;36;1mPost Load (0.5ms)[0m   [0;1mSELECT * FROM "posts" [0m
Rendering template within layouts/posts
Rendering posts/index
Completed in 11ms (View: 7, DB: 0) | 200 OK [http://localhost/]


Processing PostsController#index (for 127.0.0.1 at 2010-02-21 21:13:46) [GET]
  [4;35;1mPost Load (0.5ms)[0m   [0mSELECT * FROM "posts" [0m
Rendering template within layouts/posts
Rendering posts/index
Completed in 10ms (View: 7, DB: 0) | 200 OK [http://localhost/]


Processing PostsController#index (for 127.0.0.1 at 2010-02-21 21:14:13) [GET]
  [4;36;1mPost Load (0.5ms)[0m   [0;1mSELECT * FROM "posts" [0m
Rendering template within layouts/posts
Rendering posts/index
Completed in 11ms (View: 7, DB: 1) | 200 OK [http://localhost/]
